00:00:00.000827 VirtualBox DHCP Server 7.0.10_Debian r158379 linux.amd64 (Aug 25 2023 08:52:23) release log
00:00:00.000829 Log opened 2023-09-06T13:57:03.572662000Z
00:00:00.000830 Build Type: release
00:00:00.000831 OS Product: Linux
00:00:00.000832 OS Release: 6.0.0-kali3-amd64
00:00:00.000833 OS Version: #1 SMP PREEMPT_DYNAMIC Debian 6.0.7-1kali1 (2022-11-07)
00:00:00.000852 DMI Product Name: MS-7816
00:00:00.000859 DMI Product Version: 2.0
00:00:00.000863 Firmware type: UEFI
00:00:00.001051 Secure Boot: Disabled
00:00:00.001081 Host RAM: 15951MB (15.5GB) total, 12536MB (12.2GB) available
00:00:00.001083 Executable: /usr/lib/virtualbox/VBoxNetDHCP
00:00:00.001084 Process ID: 8855
00:00:00.001084 Package type: LINUX_64BITS_GENERIC (OSE)
00:00:00.001103 --config:  lab
00:00:00.001106 --comment: lab
00:00:00.001208 IP address:   10.0.3.3/24
00:00:00.001214 Address pool: 10.0.3.4 - 10.0.3.254
00:00:00.001237 MAC address is not specified: will use generated MAC 08:00:27:1e:93:5b
00:00:00.001241 Db::i_enterFixedAddressAssignment: 08:00:27:1e:93:5b: 10.0.3.3
00:00:00.001245 loading leases from /home/m/.config/VirtualBox/lab-Dhcpd.leases
00:00:00.001307 > LOAD: EXPIRED lease 10.0.3.9 to 08:00:27:74:7a:4f, expired, valid from 2023-09-06T13:37:09Z for 600s until 2023-09-06T13:47:09Z
00:00:00.001318 > LOAD: EXPIRED lease 10.0.3.8 to [ff:27:74:7a:4f:00:01:00:01:2c:88:69:3e:08:00:27:e7:3b:62] (08:00:27:74:7a:4f), expired, valid from 2023-09-06T13:36:31Z for 600s until 2023-09-06T13:46:31Z
00:00:00.001325 > LOAD: EXPIRED lease 10.0.3.7 to 08:00:27:e7:3b:62, expired, valid from 2023-09-06T13:30:18Z for 600s until 2023-09-06T13:40:18Z
00:00:00.001330 > LOAD: EXPIRED lease 10.0.3.6 to [ff:27:e7:3b:62:00:01:00:01:2c:88:69:3e:08:00:27:e7:3b:62] (08:00:27:e7:3b:62), expired, valid from 2023-09-06T13:29:33Z for 600s until 2023-09-06T13:39:33Z
00:00:00.001336 > LOAD:         lease 10.0.3.5 to [01:08:00:27:d2:9a:c4] (08:00:27:d2:9a:c4), expired, valid from 2023-09-06T13:02:56Z for 600s until 2023-09-06T13:12:56Z
00:00:00.001342 > LOAD:         lease 10.0.3.4 to 08:00:27:74:f3:1e, released, valid from 2023-09-06T13:06:00Z for 600s until 2023-09-06T13:16:00Z
00:00:00.001367 SUP: Opened VMMR0.r0 (/usr/lib/virtualbox/VMMR0.r0) at 0xXXXXXXXXXXXXXXXX.
00:00:18.216581 DISCOVER xid 0xa9d8f5d4 chaddr 08:00:27:d2:9a:c4
00:00:18.216610  ciaddr 0.0.0.0
00:00:18.216615  client id: 01 08 00 27 d2 9a c4
00:00:18.216618  params { 1 15 3 6 44 46 47 31 33 121 249 43 }
00:00:18.216642   12: 'vagrant-2008R2'
00:00:18.216645   60: 'MSFT 5.0'
00:00:18.216647 > allocateAddress to client [01:08:00:27:d2:9a:c4] (08:00:27:d2:9a:c4)
00:00:18.216652 > .... noted expired binding 10.0.3.9 to 08:00:27:74:7a:4f, expired, valid from 2023-09-06T13:37:09Z for 600s until 2023-09-06T13:47:09Z
00:00:18.216667 > ... found existing binding 10.0.3.5 to [01:08:00:27:d2:9a:c4] (08:00:27:d2:9a:c4), expired, valid from 2023-09-06T13:02:56Z for 600s until 2023-09-06T13:12:56Z
00:00:18.216672 Lease time 600 secs (default)
00:00:18.216678 >>> requested option 1 (SubnetMask)
00:00:18.216680 ... always supplied
00:00:18.216682 >>> requested option 15 (DomainName)
00:00:18.216684 ... found in GlobalConfig (type global)
00:00:18.216686 >>> requested option 3 (Routers)
00:00:18.216688 ... found in GlobalConfig (type global)
00:00:18.216691 >>> requested option 6 (DNSes)
00:00:18.216693 ... found in GlobalConfig (type global)
00:00:18.216695 >>> requested option 44 (NetBIOSNameServers)
00:00:18.216697 ... not found
00:00:18.216699 >>> requested option 46 (NetBIOSNodeType)
00:00:18.216701 ... not found
00:00:18.216703 >>> requested option 47 (NetBIOSScope)
00:00:18.216704 ... not found
00:00:18.216706 >>> requested option 31 (PerformRouterDiscovery)
00:00:18.216708 ... not found
00:00:18.216710 >>> requested option 33 (StaticRoute)
00:00:18.216712 ... not found
00:00:18.216714 >>> requested option 121 (unknown)
00:00:18.216716 ... not found
00:00:18.216717 >>> requested option 249 (unknown)
00:00:18.216719 ... not found
00:00:18.216721 >>> requested option 43 (VendorSpecificInfo)
00:00:18.216723 ... not found
00:00:18.216739 encoding option 1 (SubnetMask)
00:00:18.216742 encoding option 3 (Routers)
00:00:18.216744 encoding option 6 (DNSes)
00:00:18.216746 encoding option 15 (DomainName)
00:00:18.216748 encoding option 51 (LeaseTime)
00:00:18.216751 OFFER xid 0xa9d8f5d4 chaddr 08:00:27:d2:9a:c4
00:00:18.216757  ciaddr 0.0.0.0 yiaddr 10.0.3.5
00:00:18.216762 encoded message: 548 bytes
00:00:18.216764 00007f4478001600/0000: 02 01 06 00 d4 f5 d8 a9-00 00 00 00 00 00 00 00 ................
00:00:18.216766 00007f4478001610/0010: 0a 00 03 05 00 00 00 00-00 00 00 00 08 00 27 d2 ..............'.
00:00:18.216768 00007f4478001620/0020: 9a c4 00 00 00 00 00 00-00 00 00 00 00 00 00 00 ................
00:00:18.216770 00007f4478001630/0030: 00 00 00 00 00 00 00 00-00 00 00 00 00 00 00 00 ................
00:00:18.216772 00007f4478001640/0040: 00 00 00 00 00 00 00 00-00 00 00 00 00 00 00 00 ................
00:00:18.216773 00007f4478001650/0050: 00 00 00 00 00 00 00 00-00 00 00 00 00 00 00 00 ................
00:00:18.216775 00007f4478001660/0060: 00 00 00 00 00 00 00 00-00 00 00 00 00 00 00 00 ................
00:00:18.216777 00007f4478001670/0070: 00 00 00 00 00 00 00 00-00 00 00 00 00 00 00 00 ................
00:00:18.216779 00007f4478001680/0080: 00 00 00 00 00 00 00 00-00 00 00 00 00 00 00 00 ................
00:00:18.216780 00007f4478001690/0090: 00 00 00 00 00 00 00 00-00 00 00 00 00 00 00 00 ................
00:00:18.216782 00007f44780016a0/00a0: 00 00 00 00 00 00 00 00-00 00 00 00 00 00 00 00 ................
00:00:18.216784 00007f44780016b0/00b0: 00 00 00 00 00 00 00 00-00 00 00 00 00 00 00 00 ................
00:00:18.216786 00007f44780016c0/00c0: 00 00 00 00 00 00 00 00-00 00 00 00 00 00 00 00 ................
00:00:18.216787 00007f44780016d0/00d0: 00 00 00 00 00 00 00 00-00 00 00 00 00 00 00 00 ................
00:00:18.216789 00007f44780016e0/00e0: 00 00 00 00 00 00 00 00-00 00 00 00 63 82 53 63 ............c.Sc
00:00:18.216791 00007f44780016f0/00f0: 36 04 0a 00 03 03 35 01-02 01 04 ff ff ff 00 03 6.....5.........
00:00:18.216793 00007f4478001700/0100: 04 0a 00 0a 01 06 04 c0-a8 01 01 0f 05 6c 6f 63 .............loc
00:00:18.216795 00007f4478001710/0110: 61 6c 33 04 00 00 02 58-ff 00 00 00 00 00 00 00 al3....X........
00:00:18.216796 00007f4478001720/0120: 00 00 00 00 00 00 00 00-00 00 00 00 00 00 00 00 ................
00:00:18.216798 00007f4478001730/0130: 00 00 00 00 00 00 00 00-00 00 00 00 00 00 00 00 ................
00:00:18.216802 00007f4478001740/0140: 00 00 00 00 00 00 00 00-00 00 00 00 00 00 00 00 ................
00:00:18.216804 00007f4478001750/0150: 00 00 00 00 00 00 00 00-00 00 00 00 00 00 00 00 ................
00:00:18.216806 00007f4478001760/0160: 00 00 00 00 00 00 00 00-00 00 00 00 00 00 00 00 ................
00:00:18.216808 00007f4478001770/0170: 00 00 00 00 00 00 00 00-00 00 00 00 00 00 00 00 ................
00:00:18.216809 00007f4478001780/0180: 00 00 00 00 00 00 00 00-00 00 00 00 00 00 00 00 ................
00:00:18.216811 00007f4478001790/0190: 00 00 00 00 00 00 00 00-00 00 00 00 00 00 00 00 ................
00:00:18.216813 00007f44780017a0/01a0: 00 00 00 00 00 00 00 00-00 00 00 00 00 00 00 00 ................
00:00:18.216814 00007f44780017b0/01b0: 00 00 00 00 00 00 00 00-00 00 00 00 00 00 00 00 ................
00:00:18.216816 00007f44780017c0/01c0: 00 00 00 00 00 00 00 00-00 00 00 00 00 00 00 00 ................
00:00:18.216818 00007f44780017d0/01d0: 00 00 00 00 00 00 00 00-00 00 00 00 00 00 00 00 ................
00:00:18.216820 00007f44780017e0/01e0: 00 00 00 00 00 00 00 00-00 00 00 00 00 00 00 00 ................
00:00:18.216821 00007f44780017f0/01f0: 00 00 00 00 00 00 00 00-00 00 00 00 00 00 00 00 ................
00:00:18.216823 00007f4478001800/0200: 00 00 00 00 00 00 00 00-00 00 00 00 00 00 00 00 ................
00:00:18.216825 00007f4478001810/0210: 00 00 00 00 00 00 00 00-00 00 00 00 00 00 00 00 ................
00:00:18.216827 00007f4478001820/0220: 00 00 00 00                                     ....
00:00:18.222552 REQUEST xid 0xa9d8f5d4 chaddr 08:00:27:d2:9a:c4
00:00:18.222571  ciaddr 0.0.0.0
00:00:18.222583  for server 10.0.3.3 client id: 01 08 00 27 d2 9a c4
00:00:18.222589  requested address 10.0.3.5
00:00:18.222593  params { 1 15 3 6 44 46 47 31 33 121 249 43 }
00:00:18.222616   12: 'vagrant-2008R2'
00:00:18.222619   54: 0a 00 03 03
00:00:18.222621   60: 'MSFT 5.0'
00:00:18.222623   81: 00 00 00 76 61 67 72 61 6e 74 2d 32 30 30 38 52 32
00:00:18.222627 > allocateAddress 10.0.3.5 to client [01:08:00:27:d2:9a:c4] (08:00:27:d2:9a:c4)
00:00:18.222632 > .... noted expired binding 10.0.3.9 to 08:00:27:74:7a:4f, expired, valid from 2023-09-06T13:37:09Z for 600s until 2023-09-06T13:47:09Z
00:00:18.222639 > ... found existing binding 10.0.3.5 to [01:08:00:27:d2:9a:c4] (08:00:27:d2:9a:c4), offered, valid from 2023-09-06T13:57:21Z for 600s until 2023-09-06T14:07:21Z
00:00:18.222644 Lease time 600 secs (default)
00:00:18.222646 writing leases to /home/m/.config/VirtualBox/lab-Dhcpd.leases
00:00:18.227451 >>> requested option 1 (SubnetMask)
00:00:18.227462 ... always supplied
00:00:18.227465 >>> requested option 15 (DomainName)
00:00:18.227467 ... found in GlobalConfig (type global)
00:00:18.227470 >>> requested option 3 (Routers)
00:00:18.227472 ... found in GlobalConfig (type global)
00:00:18.227474 >>> requested option 6 (DNSes)
00:00:18.227476 ... found in GlobalConfig (type global)
00:00:18.227478 >>> requested option 44 (NetBIOSNameServers)
00:00:18.227480 ... not found
00:00:18.227482 >>> requested option 46 (NetBIOSNodeType)
00:00:18.227484 ... not found
00:00:18.227486 >>> requested option 47 (NetBIOSScope)
00:00:18.227488 ... not found
00:00:18.227489 >>> requested option 31 (PerformRouterDiscovery)
00:00:18.227491 ... not found
00:00:18.227493 >>> requested option 33 (StaticRoute)
00:00:18.227495 ... not found
00:00:18.227497 >>> requested option 121 (unknown)
00:00:18.227499 ... not found
00:00:18.227501 >>> requested option 249 (unknown)
00:00:18.227503 ... not found
00:00:18.227504 >>> requested option 43 (VendorSpecificInfo)
00:00:18.227506 ... not found
00:00:18.227511 encoding option 1 (SubnetMask)
00:00:18.227514 encoding option 3 (Routers)
00:00:18.227516 encoding option 6 (DNSes)
00:00:18.227518 encoding option 15 (DomainName)
00:00:18.227520 encoding option 51 (LeaseTime)
00:00:18.227523 ACK xid 0xa9d8f5d4 chaddr 08:00:27:d2:9a:c4
00:00:18.227530  ciaddr 0.0.0.0 yiaddr 10.0.3.5
00:00:18.227536 encoded message: 548 bytes
00:00:18.227538 00007f4478001600/0000: 02 01 06 00 d4 f5 d8 a9-00 00 00 00 00 00 00 00 ................
00:00:18.227540 00007f4478001610/0010: 0a 00 03 05 00 00 00 00-00 00 00 00 08 00 27 d2 ..............'.
00:00:18.227542 00007f4478001620/0020: 9a c4 00 00 00 00 00 00-00 00 00 00 00 00 00 00 ................
00:00:18.227544 00007f4478001630/0030: 00 00 00 00 00 00 00 00-00 00 00 00 00 00 00 00 ................
00:00:18.227546 00007f4478001640/0040: 00 00 00 00 00 00 00 00-00 00 00 00 00 00 00 00 ................
00:00:18.227547 00007f4478001650/0050: 00 00 00 00 00 00 00 00-00 00 00 00 00 00 00 00 ................
00:00:18.227549 00007f4478001660/0060: 00 00 00 00 00 00 00 00-00 00 00 00 00 00 00 00 ................
00:00:18.227551 00007f4478001670/0070: 00 00 00 00 00 00 00 00-00 00 00 00 00 00 00 00 ................
00:00:18.227553 00007f4478001680/0080: 00 00 00 00 00 00 00 00-00 00 00 00 00 00 00 00 ................
00:00:18.227555 00007f4478001690/0090: 00 00 00 00 00 00 00 00-00 00 00 00 00 00 00 00 ................
00:00:18.227556 00007f44780016a0/00a0: 00 00 00 00 00 00 00 00-00 00 00 00 00 00 00 00 ................
00:00:18.227558 00007f44780016b0/00b0: 00 00 00 00 00 00 00 00-00 00 00 00 00 00 00 00 ................
00:00:18.227560 00007f44780016c0/00c0: 00 00 00 00 00 00 00 00-00 00 00 00 00 00 00 00 ................
00:00:18.227562 00007f44780016d0/00d0: 00 00 00 00 00 00 00 00-00 00 00 00 00 00 00 00 ................
00:00:18.227563 00007f44780016e0/00e0: 00 00 00 00 00 00 00 00-00 00 00 00 63 82 53 63 ............c.Sc
00:00:18.227565 00007f44780016f0/00f0: 36 04 0a 00 03 03 35 01-05 01 04 ff ff ff 00 03 6.....5.........
00:00:18.227567 00007f4478001700/0100: 04 0a 00 0a 01 06 04 c0-a8 01 01 0f 05 6c 6f 63 .............loc
00:00:18.227569 00007f4478001710/0110: 61 6c 33 04 00 00 02 58-ff 00 00 00 00 00 00 00 al3....X........
00:00:18.227571 00007f4478001720/0120: 00 00 00 00 00 00 00 00-00 00 00 00 00 00 00 00 ................
00:00:18.227572 00007f4478001730/0130: 00 00 00 00 00 00 00 00-00 00 00 00 00 00 00 00 ................
00:00:18.227574 00007f4478001740/0140: 00 00 00 00 00 00 00 00-00 00 00 00 00 00 00 00 ................
00:00:18.227576 00007f4478001750/0150: 00 00 00 00 00 00 00 00-00 00 00 00 00 00 00 00 ................
00:00:18.227578 00007f4478001760/0160: 00 00 00 00 00 00 00 00-00 00 00 00 00 00 00 00 ................
00:00:18.227579 00007f4478001770/0170: 00 00 00 00 00 00 00 00-00 00 00 00 00 00 00 00 ................
00:00:18.227581 00007f4478001780/0180: 00 00 00 00 00 00 00 00-00 00 00 00 00 00 00 00 ................
00:00:18.227583 00007f4478001790/0190: 00 00 00 00 00 00 00 00-00 00 00 00 00 00 00 00 ................
00:00:18.227585 00007f44780017a0/01a0: 00 00 00 00 00 00 00 00-00 00 00 00 00 00 00 00 ................
00:00:18.227586 00007f44780017b0/01b0: 00 00 00 00 00 00 00 00-00 00 00 00 00 00 00 00 ................
00:00:18.227588 00007f44780017c0/01c0: 00 00 00 00 00 00 00 00-00 00 00 00 00 00 00 00 ................
00:00:18.227590 00007f44780017d0/01d0: 00 00 00 00 00 00 00 00-00 00 00 00 00 00 00 00 ................
00:00:18.227592 00007f44780017e0/01e0: 00 00 00 00 00 00 00 00-00 00 00 00 00 00 00 00 ................
00:00:18.227594 00007f44780017f0/01f0: 00 00 00 00 00 00 00 00-00 00 00 00 00 00 00 00 ................
00:00:18.227595 00007f4478001800/0200: 00 00 00 00 00 00 00 00-00 00 00 00 00 00 00 00 ................
00:00:18.227597 00007f4478001810/0210: 00 00 00 00 00 00 00 00-00 00 00 00 00 00 00 00 ................
00:00:18.227599 00007f4478001820/0220: 00 00 00 00                                     ....
00:01:29.005681 INFORM xid 0x63b171b5 chaddr 08:00:27:d2:9a:c4
00:01:29.005710  ciaddr 10.0.3.5
00:01:29.005715  client id: 01 08 00 27 d2 9a c4
00:01:29.005976  params { 1 15 3 6 44 46 47 31 33 121 249 43 252 }
00:01:29.006005   12: 'vagrant-2008R2'
00:01:29.006007   60: 'MSFT 5.0'
00:01:29.006012 >>> requested option 1 (SubnetMask)
00:01:29.006014 ... always supplied
00:01:29.006016 >>> requested option 15 (DomainName)
00:01:29.006018 ... found in GlobalConfig (type global)
00:01:29.006020 >>> requested option 3 (Routers)
00:01:29.006023 ... found in GlobalConfig (type global)
00:01:29.006025 >>> requested option 6 (DNSes)
00:01:29.006027 ... found in GlobalConfig (type global)
00:01:29.006029 >>> requested option 44 (NetBIOSNameServers)
00:01:29.006031 ... not found
00:01:29.006033 >>> requested option 46 (NetBIOSNodeType)
00:01:29.006035 ... not found
00:01:29.006037 >>> requested option 47 (NetBIOSScope)
00:01:29.006038 ... not found
00:01:29.006040 >>> requested option 31 (PerformRouterDiscovery)
00:01:29.006042 ... not found
00:01:29.006044 >>> requested option 33 (StaticRoute)
00:01:29.006046 ... not found
00:01:29.006048 >>> requested option 121 (unknown)
00:01:29.006050 ... not found
00:01:29.006052 >>> requested option 249 (unknown)
00:01:29.006054 ... not found
00:01:29.006055 >>> requested option 43 (VendorSpecificInfo)
00:01:29.006057 ... not found
00:01:29.006059 >>> requested option 252 (unknown)
00:01:29.006061 ... not found
00:01:29.006065 encoding option 1 (SubnetMask)
00:01:29.006067 encoding option 3 (Routers)
00:01:29.006069 encoding option 6 (DNSes)
00:01:29.006071 encoding option 15 (DomainName)
00:01:29.006075 ACK xid 0x63b171b5 chaddr 08:00:27:d2:9a:c4
00:01:29.006081  ciaddr 0.0.0.0
00:01:29.006085 encoded message: 548 bytes
00:01:29.006086 00007f44780076a0/0000: 02 01 06 00 b5 71 b1 63-00 00 00 00 00 00 00 00 .....q.c........
00:01:29.006089 00007f44780076b0/0010: 00 00 00 00 00 00 00 00-00 00 00 00 08 00 27 d2 ..............'.
00:01:29.006091 00007f44780076c0/0020: 9a c4 00 00 00 00 00 00-00 00 00 00 00 00 00 00 ................
00:01:29.006093 00007f44780076d0/0030: 00 00 00 00 00 00 00 00-00 00 00 00 00 00 00 00 ................
00:01:29.006094 00007f44780076e0/0040: 00 00 00 00 00 00 00 00-00 00 00 00 00 00 00 00 ................
00:01:29.006096 00007f44780076f0/0050: 00 00 00 00 00 00 00 00-00 00 00 00 00 00 00 00 ................
00:01:29.006098 00007f4478007700/0060: 00 00 00 00 00 00 00 00-00 00 00 00 00 00 00 00 ................
00:01:29.006100 00007f4478007710/0070: 00 00 00 00 00 00 00 00-00 00 00 00 00 00 00 00 ................
00:01:29.006101 00007f4478007720/0080: 00 00 00 00 00 00 00 00-00 00 00 00 00 00 00 00 ................
00:01:29.006103 00007f4478007730/0090: 00 00 00 00 00 00 00 00-00 00 00 00 00 00 00 00 ................
00:01:29.006105 00007f4478007740/00a0: 00 00 00 00 00 00 00 00-00 00 00 00 00 00 00 00 ................
00:01:29.006106 00007f4478007750/00b0: 00 00 00 00 00 00 00 00-00 00 00 00 00 00 00 00 ................
00:01:29.006108 00007f4478007760/00c0: 00 00 00 00 00 00 00 00-00 00 00 00 00 00 00 00 ................
00:01:29.006110 00007f4478007770/00d0: 00 00 00 00 00 00 00 00-00 00 00 00 00 00 00 00 ................
00:01:29.006112 00007f4478007780/00e0: 00 00 00 00 00 00 00 00-00 00 00 00 63 82 53 63 ............c.Sc
00:01:29.006113 00007f4478007790/00f0: 36 04 0a 00 03 03 35 01-05 01 04 ff ff ff 00 03 6.....5.........
00:01:29.006115 00007f44780077a0/0100: 04 0a 00 0a 01 06 04 c0-a8 01 01 0f 05 6c 6f 63 .............loc
00:01:29.006117 00007f44780077b0/0110: 61 6c ff 00 00 00 00 00-00 00 00 00 00 00 00 00 al..............
00:01:29.006119 00007f44780077c0/0120: 00 00 00 00 00 00 00 00-00 00 00 00 00 00 00 00 ................
00:01:29.006121 00007f44780077d0/0130: 00 00 00 00 00 00 00 00-00 00 00 00 00 00 00 00 ................
00:01:29.006122 00007f44780077e0/0140: 00 00 00 00 00 00 00 00-00 00 00 00 00 00 00 00 ................
00:01:29.006124 00007f44780077f0/0150: 00 00 00 00 00 00 00 00-00 00 00 00 00 00 00 00 ................
00:01:29.006126 00007f4478007800/0160: 00 00 00 00 00 00 00 00-00 00 00 00 00 00 00 00 ................
00:01:29.006128 00007f4478007810/0170: 00 00 00 00 00 00 00 00-00 00 00 00 00 00 00 00 ................
00:01:29.006129 00007f4478007820/0180: 00 00 00 00 00 00 00 00-00 00 00 00 00 00 00 00 ................
00:01:29.006131 00007f4478007830/0190: 00 00 00 00 00 00 00 00-00 00 00 00 00 00 00 00 ................
00:01:29.006133 00007f4478007840/01a0: 00 00 00 00 00 00 00 00-00 00 00 00 00 00 00 00 ................
00:01:29.006135 00007f4478007850/01b0: 00 00 00 00 00 00 00 00-00 00 00 00 00 00 00 00 ................
00:01:29.006136 00007f4478007860/01c0: 00 00 00 00 00 00 00 00-00 00 00 00 00 00 00 00 ................
00:01:29.006138 00007f4478007870/01d0: 00 00 00 00 00 00 00 00-00 00 00 00 00 00 00 00 ................
00:01:29.006140 00007f4478007880/01e0: 00 00 00 00 00 00 00 00-00 00 00 00 00 00 00 00 ................
00:01:29.006142 00007f4478007890/01f0: 00 00 00 00 00 00 00 00-00 00 00 00 00 00 00 00 ................
00:01:29.006143 00007f44780078a0/0200: 00 00 00 00 00 00 00 00-00 00 00 00 00 00 00 00 ................
00:01:29.006145 00007f44780078b0/0210: 00 00 00 00 00 00 00 00-00 00 00 00 00 00 00 00 ................
00:01:29.006147 00007f44780078c0/0220: 00 00 00 00                                     ....
00:05:17.634824 REQUEST xid 0xb27aef09 chaddr 08:00:27:d2:9a:c4
00:05:17.634851  ciaddr 10.0.3.5
00:05:17.634856  client id: 01 08 00 27 d2 9a c4
00:05:17.634860  params { 1 15 3 6 44 46 47 31 33 121 249 43 }
00:05:17.634883   12: 'vagrant-2008R2'
00:05:17.634886   60: 'MSFT 5.0'
00:05:17.634888   81: 00 00 00 76 61 67 72 61 6e 74 2d 32 30 30 38 52 32
00:05:17.634892 > allocateAddress to client [01:08:00:27:d2:9a:c4] (08:00:27:d2:9a:c4)
00:05:17.634897 > .... noted expired binding 10.0.3.9 to 08:00:27:74:7a:4f, expired, valid from 2023-09-06T13:37:09Z for 600s until 2023-09-06T13:47:09Z
00:05:17.634903 > ... found existing binding 10.0.3.5 to [01:08:00:27:d2:9a:c4] (08:00:27:d2:9a:c4), acked, valid from 2023-09-06T13:57:21Z for 600s until 2023-09-06T14:07:21Z
00:05:17.634908 Lease time 600 secs (default)
00:05:17.634911 writing leases to /home/m/.config/VirtualBox/lab-Dhcpd.leases
00:05:17.639707 >>> requested option 1 (SubnetMask)
00:05:17.639716 ... always supplied
00:05:17.639719 >>> requested option 15 (DomainName)
00:05:17.639721 ... found in GlobalConfig (type global)
00:05:17.639723 >>> requested option 3 (Routers)
00:05:17.639726 ... found in GlobalConfig (type global)
00:05:17.639728 >>> requested option 6 (DNSes)
00:05:17.639730 ... found in GlobalConfig (type global)
00:05:17.639732 >>> requested option 44 (NetBIOSNameServers)
00:05:17.639734 ... not found
00:05:17.639736 >>> requested option 46 (NetBIOSNodeType)
00:05:17.639738 ... not found
00:05:17.639740 >>> requested option 47 (NetBIOSScope)
00:05:17.639741 ... not found
00:05:17.639743 >>> requested option 31 (PerformRouterDiscovery)
00:05:17.639745 ... not found
00:05:17.639747 >>> requested option 33 (StaticRoute)
00:05:17.639749 ... not found
00:05:17.639751 >>> requested option 121 (unknown)
00:05:17.639753 ... not found
00:05:17.639754 >>> requested option 249 (unknown)
00:05:17.639756 ... not found
00:05:17.639758 >>> requested option 43 (VendorSpecificInfo)
00:05:17.639760 ... not found
00:05:17.639764 encoding option 1 (SubnetMask)
00:05:17.639766 encoding option 3 (Routers)
00:05:17.639768 encoding option 6 (DNSes)
00:05:17.639770 encoding option 15 (DomainName)
00:05:17.639772 encoding option 51 (LeaseTime)
00:05:17.639775 ACK xid 0xb27aef09 chaddr 08:00:27:d2:9a:c4
00:05:17.639781  ciaddr 10.0.3.5 yiaddr 10.0.3.5
00:05:17.639787 encoded message: 548 bytes
00:05:17.639789 00007f4478001600/0000: 02 01 06 00 09 ef 7a b2-00 00 00 00 0a 00 03 05 ......z.........
00:05:17.639791 00007f4478001610/0010: 0a 00 03 05 00 00 00 00-00 00 00 00 08 00 27 d2 ..............'.
00:05:17.639793 00007f4478001620/0020: 9a c4 00 00 00 00 00 00-00 00 00 00 00 00 00 00 ................
00:05:17.639795 00007f4478001630/0030: 00 00 00 00 00 00 00 00-00 00 00 00 00 00 00 00 ................
00:05:17.639797 00007f4478001640/0040: 00 00 00 00 00 00 00 00-00 00 00 00 00 00 00 00 ................
00:05:17.639798 00007f4478001650/0050: 00 00 00 00 00 00 00 00-00 00 00 00 00 00 00 00 ................
00:05:17.639800 00007f4478001660/0060: 00 00 00 00 00 00 00 00-00 00 00 00 00 00 00 00 ................
00:05:17.639802 00007f4478001670/0070: 00 00 00 00 00 00 00 00-00 00 00 00 00 00 00 00 ................
00:05:17.639804 00007f4478001680/0080: 00 00 00 00 00 00 00 00-00 00 00 00 00 00 00 00 ................
00:05:17.639805 00007f4478001690/0090: 00 00 00 00 00 00 00 00-00 00 00 00 00 00 00 00 ................
00:05:17.639807 00007f44780016a0/00a0: 00 00 00 00 00 00 00 00-00 00 00 00 00 00 00 00 ................
00:05:17.639809 00007f44780016b0/00b0: 00 00 00 00 00 00 00 00-00 00 00 00 00 00 00 00 ................
00:05:17.639811 00007f44780016c0/00c0: 00 00 00 00 00 00 00 00-00 00 00 00 00 00 00 00 ................
00:05:17.639812 00007f44780016d0/00d0: 00 00 00 00 00 00 00 00-00 00 00 00 00 00 00 00 ................
00:05:17.639814 00007f44780016e0/00e0: 00 00 00 00 00 00 00 00-00 00 00 00 63 82 53 63 ............c.Sc
00:05:17.639816 00007f44780016f0/00f0: 36 04 0a 00 03 03 35 01-05 01 04 ff ff ff 00 03 6.....5.........
00:05:17.639818 00007f4478001700/0100: 04 0a 00 0a 01 06 04 c0-a8 01 01 0f 05 6c 6f 63 .............loc
00:05:17.639819 00007f4478001710/0110: 61 6c 33 04 00 00 02 58-ff 00 00 00 00 00 00 00 al3....X........
00:05:17.639821 00007f4478001720/0120: 00 00 00 00 00 00 00 00-00 00 00 00 00 00 00 00 ................
00:05:17.639823 00007f4478001730/0130: 00 00 00 00 00 00 00 00-00 00 00 00 00 00 00 00 ................
00:05:17.639825 00007f4478001740/0140: 00 00 00 00 00 00 00 00-00 00 00 00 00 00 00 00 ................
00:05:17.639827 00007f4478001750/0150: 00 00 00 00 00 00 00 00-00 00 00 00 00 00 00 00 ................
00:05:17.639828 00007f4478001760/0160: 00 00 00 00 00 00 00 00-00 00 00 00 00 00 00 00 ................
00:05:17.639830 00007f4478001770/0170: 00 00 00 00 00 00 00 00-00 00 00 00 00 00 00 00 ................
00:05:17.639832 00007f4478001780/0180: 00 00 00 00 00 00 00 00-00 00 00 00 00 00 00 00 ................
00:05:17.639834 00007f4478001790/0190: 00 00 00 00 00 00 00 00-00 00 00 00 00 00 00 00 ................
00:05:17.639835 00007f44780017a0/01a0: 00 00 00 00 00 00 00 00-00 00 00 00 00 00 00 00 ................
00:05:17.639837 00007f44780017b0/01b0: 00 00 00 00 00 00 00 00-00 00 00 00 00 00 00 00 ................
00:05:17.639839 00007f44780017c0/01c0: 00 00 00 00 00 00 00 00-00 00 00 00 00 00 00 00 ................
00:05:17.639841 00007f44780017d0/01d0: 00 00 00 00 00 00 00 00-00 00 00 00 00 00 00 00 ................
00:05:17.639842 00007f44780017e0/01e0: 00 00 00 00 00 00 00 00-00 00 00 00 00 00 00 00 ................
00:05:17.639844 00007f44780017f0/01f0: 00 00 00 00 00 00 00 00-00 00 00 00 00 00 00 00 ................
00:05:17.639846 00007f4478001800/0200: 00 00 00 00 00 00 00 00-00 00 00 00 00 00 00 00 ................
00:05:17.639848 00007f4478001810/0210: 00 00 00 00 00 00 00 00-00 00 00 00 00 00 00 00 ................
00:05:17.639849 00007f4478001820/0220: 00 00 00 00                                     ....
00:09:42.186425 INFORM xid 0xf96cc238 chaddr 08:00:27:d2:9a:c4
00:09:42.186453  ciaddr 10.0.3.5
00:09:42.186458  client id: 01 08 00 27 d2 9a c4
00:09:42.186462  params { 1 15 3 6 44 46 47 31 33 121 249 43 252 }
00:09:42.186487   12: 'vagrant-2008R2'
00:09:42.186489   60: 'MSFT 5.0'
00:09:42.186493 >>> requested option 1 (SubnetMask)
00:09:42.186495 ... always supplied
00:09:42.186497 >>> requested option 15 (DomainName)
00:09:42.186500 ... found in GlobalConfig (type global)
00:09:42.186502 >>> requested option 3 (Routers)
00:09:42.186504 ... found in GlobalConfig (type global)
00:09:42.186506 >>> requested option 6 (DNSes)
00:09:42.186508 ... found in GlobalConfig (type global)
00:09:42.186510 >>> requested option 44 (NetBIOSNameServers)
00:09:42.186512 ... not found
00:09:42.186514 >>> requested option 46 (NetBIOSNodeType)
00:09:42.186516 ... not found
00:09:42.186518 >>> requested option 47 (NetBIOSScope)
00:09:42.186520 ... not found
00:09:42.186522 >>> requested option 31 (PerformRouterDiscovery)
00:09:42.186524 ... not found
00:09:42.186526 >>> requested option 33 (StaticRoute)
00:09:42.186527 ... not found
00:09:42.186529 >>> requested option 121 (unknown)
00:09:42.186531 ... not found
00:09:42.186533 >>> requested option 249 (unknown)
00:09:42.186535 ... not found
00:09:42.186537 >>> requested option 43 (VendorSpecificInfo)
00:09:42.186539 ... not found
00:09:42.186541 >>> requested option 252 (unknown)
00:09:42.186543 ... not found
00:09:42.186546 encoding option 1 (SubnetMask)
00:09:42.186548 encoding option 3 (Routers)
00:09:42.186550 encoding option 6 (DNSes)
00:09:42.186552 encoding option 15 (DomainName)
00:09:42.186555 ACK xid 0xf96cc238 chaddr 08:00:27:d2:9a:c4
00:09:42.186561  ciaddr 0.0.0.0
00:09:42.186565 encoded message: 548 bytes
00:09:42.186566 00007f44780076a0/0000: 02 01 06 00 38 c2 6c f9-00 00 00 00 00 00 00 00 ....8.l.........
00:09:42.186568 00007f44780076b0/0010: 00 00 00 00 00 00 00 00-00 00 00 00 08 00 27 d2 ..............'.
00:09:42.186570 00007f44780076c0/0020: 9a c4 00 00 00 00 00 00-00 00 00 00 00 00 00 00 ................
00:09:42.186572 00007f44780076d0/0030: 00 00 00 00 00 00 00 00-00 00 00 00 00 00 00 00 ................
00:09:42.186574 00007f44780076e0/0040: 00 00 00 00 00 00 00 00-00 00 00 00 00 00 00 00 ................
00:09:42.186576 00007f44780076f0/0050: 00 00 00 00 00 00 00 00-00 00 00 00 00 00 00 00 ................
00:09:42.186577 00007f4478007700/0060: 00 00 00 00 00 00 00 00-00 00 00 00 00 00 00 00 ................
00:09:42.186579 00007f4478007710/0070: 00 00 00 00 00 00 00 00-00 00 00 00 00 00 00 00 ................
00:09:42.186581 00007f4478007720/0080: 00 00 00 00 00 00 00 00-00 00 00 00 00 00 00 00 ................
00:09:42.186583 00007f4478007730/0090: 00 00 00 00 00 00 00 00-00 00 00 00 00 00 00 00 ................
00:09:42.186584 00007f4478007740/00a0: 00 00 00 00 00 00 00 00-00 00 00 00 00 00 00 00 ................
00:09:42.186586 00007f4478007750/00b0: 00 00 00 00 00 00 00 00-00 00 00 00 00 00 00 00 ................
00:09:42.186588 00007f4478007760/00c0: 00 00 00 00 00 00 00 00-00 00 00 00 00 00 00 00 ................
00:09:42.186590 00007f4478007770/00d0: 00 00 00 00 00 00 00 00-00 00 00 00 00 00 00 00 ................
00:09:42.186591 00007f4478007780/00e0: 00 00 00 00 00 00 00 00-00 00 00 00 63 82 53 63 ............c.Sc
00:09:42.186593 00007f4478007790/00f0: 36 04 0a 00 03 03 35 01-05 01 04 ff ff ff 00 03 6.....5.........
00:09:42.186595 00007f44780077a0/0100: 04 0a 00 0a 01 06 04 c0-a8 01 01 0f 05 6c 6f 63 .............loc
00:09:42.186597 00007f44780077b0/0110: 61 6c ff 00 00 00 00 00-00 00 00 00 00 00 00 00 al..............
00:09:42.186599 00007f44780077c0/0120: 00 00 00 00 00 00 00 00-00 00 00 00 00 00 00 00 ................
00:09:42.186600 00007f44780077d0/0130: 00 00 00 00 00 00 00 00-00 00 00 00 00 00 00 00 ................
00:09:42.186602 00007f44780077e0/0140: 00 00 00 00 00 00 00 00-00 00 00 00 00 00 00 00 ................
00:09:42.186604 00007f44780077f0/0150: 00 00 00 00 00 00 00 00-00 00 00 00 00 00 00 00 ................
00:09:42.186606 00007f4478007800/0160: 00 00 00 00 00 00 00 00-00 00 00 00 00 00 00 00 ................
00:09:42.186607 00007f4478007810/0170: 00 00 00 00 00 00 00 00-00 00 00 00 00 00 00 00 ................
00:09:42.186609 00007f4478007820/0180: 00 00 00 00 00 00 00 00-00 00 00 00 00 00 00 00 ................
00:09:42.186611 00007f4478007830/0190: 00 00 00 00 00 00 00 00-00 00 00 00 00 00 00 00 ................
00:09:42.186613 00007f4478007840/01a0: 00 00 00 00 00 00 00 00-00 00 00 00 00 00 00 00 ................
00:09:42.186614 00007f4478007850/01b0: 00 00 00 00 00 00 00 00-00 00 00 00 00 00 00 00 ................
00:09:42.186616 00007f4478007860/01c0: 00 00 00 00 00 00 00 00-00 00 00 00 00 00 00 00 ................
00:09:42.186618 00007f4478007870/01d0: 00 00 00 00 00 00 00 00-00 00 00 00 00 00 00 00 ................
00:09:42.186620 00007f4478007880/01e0: 00 00 00 00 00 00 00 00-00 00 00 00 00 00 00 00 ................
00:09:42.186621 00007f4478007890/01f0: 00 00 00 00 00 00 00 00-00 00 00 00 00 00 00 00 ................
00:09:42.186623 00007f44780078a0/0200: 00 00 00 00 00 00 00 00-00 00 00 00 00 00 00 00 ................
00:09:42.186625 00007f44780078b0/0210: 00 00 00 00 00 00 00 00-00 00 00 00 00 00 00 00 ................
00:09:42.186627 00007f44780078c0/0220: 00 00 00 00                                     ....
