00:00:00.025184 VirtualBox NAT Network 7.0.10_Debian r158379 linux.amd64 (Aug 25 2023 08:52:23) release log
00:00:00.025185 Log opened 2023-09-06T13:57:03.599061000Z
00:00:00.025186 Build Type: release
00:00:00.025188 OS Product: Linux
00:00:00.025189 OS Release: 6.0.0-kali3-amd64
00:00:00.025189 OS Version: #1 SMP PREEMPT_DYNAMIC Debian 6.0.7-1kali1 (2022-11-07)
00:00:00.025207 DMI Product Name: MS-7816
00:00:00.025214 DMI Product Version: 2.0
00:00:00.025218 Firmware type: UEFI
00:00:00.025539 Secure Boot: Disabled
00:00:00.025603 Host RAM: 15951MB (15.5GB) total, 12530MB (12.2GB) available
00:00:00.025606 Executable: /usr/lib/virtualbox/VBoxNetNAT
00:00:00.025606 Process ID: 8856
00:00:00.025607 Package type: LINUX_64BITS_GENERIC (OSE)
00:00:00.026802 IPv4 loopback mapping 0: 127.0.0.1=2
00:00:00.028984 SUP: Opened VMMR0.r0 (/usr/lib/virtualbox/VMMR0.r0) at 0xXXXXXXXXXXXXXXXX.
00:00:00.031212 netif NT0: mac 52:54:00:12:35:00
00:00:00.031232 netif NT0: inet 10.0.10.1 netmask 255.255.255.0
00:10:04.883746 run: shutdown
00:10:04.883804 Terminating
