00:00:00.003033 VirtualBox DHCP Server 7.0.10_Debian r158379 linux.amd64 (Aug 25 2023 08:52:23) release log
00:00:00.003035 Log opened 2023-09-06T23:02:27.543227000Z
00:00:00.003036 Build Type: release
00:00:00.003038 OS Product: Linux
00:00:00.003039 OS Release: 6.0.0-kali3-amd64
00:00:00.003040 OS Version: #1 SMP PREEMPT_DYNAMIC Debian 6.0.7-1kali1 (2022-11-07)
00:00:00.003068 DMI Product Name: MS-7816
00:00:00.003075 DMI Product Version: 2.0
00:00:00.003082 Firmware type: UEFI
00:00:00.003239 Secure Boot: Disabled
00:00:00.003280 Host RAM: 15951MB (15.5GB) total, 10212MB (9.9GB) available
00:00:00.003283 Executable: /usr/lib/virtualbox/VBoxNetDHCP
00:00:00.003284 Process ID: 364937
00:00:00.003284 Package type: LINUX_64BITS_GENERIC (OSE)
00:00:00.003310 --config:  lab2
00:00:00.003313 --comment: lab2
00:00:00.003440 IP address:   10.0.2.3/24
00:00:00.003447 Address pool: 10.0.2.4 - 10.0.2.254
00:00:00.003473 MAC address is not specified: will use generated MAC 08:00:27:05:a4:58
00:00:00.003479 Db::i_enterFixedAddressAssignment: 08:00:27:05:a4:58: 10.0.2.3
00:00:00.003483 loading leases from /home/m/.config/VirtualBox/lab2-Dhcpd.leases
00:00:00.004307 > LOAD: EXPIRED lease 10.0.2.7 to [01:08:00:27:d2:9a:c4] (08:00:27:d2:9a:c4), expired, valid from 2023-09-06T14:47:19Z for 600s until 2023-09-06T14:57:19Z
00:00:00.004322 > LOAD: EXPIRED lease 10.0.2.6 to 08:00:27:74:7a:4f, expired, valid from 2023-09-06T14:47:01Z for 600s until 2023-09-06T14:57:01Z
00:00:00.004328 > LOAD:         lease 10.0.2.5 to [01:08:00:27:88:a7:60] (08:00:27:88:a7:60), expired, valid from 2023-09-06T14:06:01Z for 600s until 2023-09-06T14:16:01Z
00:00:00.004334 > LOAD:         lease 10.0.2.4 to [ff:27:74:7a:4f:00:01:00:01:2c:88:69:3e:08:00:27:e7:3b:62] (08:00:27:74:7a:4f), expired, valid from 2023-09-06T13:56:16Z for 600s until 2023-09-06T14:06:16Z
00:00:00.016632 SUP: seg #0: R   0x00000000 LB 0x00061000
00:00:00.016822 SUP: seg #1: R X 0x00061000 LB 0x001b7000
00:00:00.016826 SUP: seg #2: R   0x00218000 LB 0x0006b000
00:00:00.016828 SUP: seg #3: RW  0x00283000 LB 0x0002eaf0
00:00:00.019686 SUP: Loaded VMMR0.r0 (/usr/lib/virtualbox/VMMR0.r0) at 0xXXXXXXXXXXXXXXXX - ModuleInit at XXXXXXXXXXXXXXXX and ModuleTerm at XXXXXXXXXXXXXXXX
00:00:00.019707 SUP: VMMR0EntryEx located at XXXXXXXXXXXXXXXX and VMMR0EntryFast at XXXXXXXXXXXXXXXX
00:00:16.931434 DISCOVER xid 0x3976b5a4 chaddr 08:00:27:74:7a:4f
00:00:16.931465  ciaddr 0.0.0.0
00:00:16.931469  client id: ff 27 74 7a 4f 00 01 00 01 2c 88 69 3e 08 00 27 e7 3b 62
00:00:16.931474  requested address 10.0.2.4
00:00:16.931478  params { 1 28 2 3 15 6 119 12 44 47 26 121 42 }
00:00:16.931503   12: 'k'
00:00:16.931507 > allocateAddress 10.0.2.4 to client [ff:27:74:7a:4f:00:01:00:01:2c:88:69:3e:08:00:27:e7:3b:62] (08:00:27:74:7a:4f)
00:00:16.931513 > .... noted expired binding 10.0.2.7 to [01:08:00:27:d2:9a:c4] (08:00:27:d2:9a:c4), expired, valid from 2023-09-06T14:47:19Z for 600s until 2023-09-06T14:57:19Z
00:00:16.931527 > ... found existing binding 10.0.2.4 to [ff:27:74:7a:4f:00:01:00:01:2c:88:69:3e:08:00:27:e7:3b:62] (08:00:27:74:7a:4f), expired, valid from 2023-09-06T13:56:16Z for 600s until 2023-09-06T14:06:16Z
00:00:16.931532 Lease time 600 secs (default)
00:00:16.931538 >>> requested option 1 (SubnetMask)
00:00:16.931541 ... always supplied
00:00:16.931543 >>> requested option 28 (BroadcastAddress)
00:00:16.931545 ... not found
00:00:16.931547 >>> requested option 2 (TimeOffset)
00:00:16.931549 ... not found
00:00:16.931551 >>> requested option 3 (Routers)
00:00:16.931553 ... found in GlobalConfig (type global)
00:00:16.931555 >>> requested option 15 (DomainName)
00:00:16.931557 ... found in GlobalConfig (type global)
00:00:16.931559 >>> requested option 6 (DNSes)
00:00:16.931561 ... found in GlobalConfig (type global)
00:00:16.931563 >>> requested option 119 (DomainSearch)
00:00:16.931565 ... not found
00:00:16.931567 >>> requested option 12 (HostName)
00:00:16.931569 ... not found
00:00:16.931571 >>> requested option 44 (NetBIOSNameServers)
00:00:16.931573 ... not found
00:00:16.931575 >>> requested option 47 (NetBIOSScope)
00:00:16.931586 ... not found
00:00:16.931588 >>> requested option 26 (InterfaceMTU)
00:00:16.931590 ... not found
00:00:16.931592 >>> requested option 121 (unknown)
00:00:16.931593 ... not found
00:00:16.931595 >>> requested option 42 (NTPServers)
00:00:16.931597 ... not found
00:00:16.931601 encoding option 1 (SubnetMask)
00:00:16.931603 encoding option 3 (Routers)
00:00:16.931620 encoding option 6 (DNSes)
00:00:16.931623 encoding option 15 (DomainName)
00:00:16.931625 encoding option 51 (LeaseTime)
00:00:16.931628 OFFER xid 0x3976b5a4 chaddr 08:00:27:74:7a:4f
00:00:16.931634  ciaddr 0.0.0.0 yiaddr 10.0.2.4
00:00:16.931640 encoded message: 548 bytes
00:00:16.931641 00007f449c001500/0000: 02 01 06 00 a4 b5 76 39-00 00 00 00 00 00 00 00 ......v9........
00:00:16.931643 00007f449c001510/0010: 0a 00 02 04 00 00 00 00-00 00 00 00 08 00 27 74 ..............'t
00:00:16.931645 00007f449c001520/0020: 7a 4f 00 00 00 00 00 00-00 00 00 00 00 00 00 00 zO..............
00:00:16.931647 00007f449c001530/0030: 00 00 00 00 00 00 00 00-00 00 00 00 00 00 00 00 ................
00:00:16.931649 00007f449c001540/0040: 00 00 00 00 00 00 00 00-00 00 00 00 00 00 00 00 ................
00:00:16.931651 00007f449c001550/0050: 00 00 00 00 00 00 00 00-00 00 00 00 00 00 00 00 ................
00:00:16.931653 00007f449c001560/0060: 00 00 00 00 00 00 00 00-00 00 00 00 00 00 00 00 ................
00:00:16.931654 00007f449c001570/0070: 00 00 00 00 00 00 00 00-00 00 00 00 00 00 00 00 ................
00:00:16.931656 00007f449c001580/0080: 00 00 00 00 00 00 00 00-00 00 00 00 00 00 00 00 ................
00:00:16.931658 00007f449c001590/0090: 00 00 00 00 00 00 00 00-00 00 00 00 00 00 00 00 ................
00:00:16.931660 00007f449c0015a0/00a0: 00 00 00 00 00 00 00 00-00 00 00 00 00 00 00 00 ................
00:00:16.931661 00007f449c0015b0/00b0: 00 00 00 00 00 00 00 00-00 00 00 00 00 00 00 00 ................
00:00:16.931663 00007f449c0015c0/00c0: 00 00 00 00 00 00 00 00-00 00 00 00 00 00 00 00 ................
00:00:16.931665 00007f449c0015d0/00d0: 00 00 00 00 00 00 00 00-00 00 00 00 00 00 00 00 ................
00:00:16.931667 00007f449c0015e0/00e0: 00 00 00 00 00 00 00 00-00 00 00 00 63 82 53 63 ............c.Sc
00:00:16.931669 00007f449c0015f0/00f0: 36 04 0a 00 02 03 35 01-02 01 04 ff ff ff 00 03 6.....5.........
00:00:16.931671 00007f449c001600/0100: 04 0a 00 02 01 06 04 c0-a8 01 01 0f 05 6c 6f 63 .............loc
00:00:16.931672 00007f449c001610/0110: 61 6c 33 04 00 00 02 58-ff 00 00 00 00 00 00 00 al3....X........
00:00:16.931682 00007f449c001620/0120: 00 00 00 00 00 00 00 00-00 00 00 00 00 00 00 00 ................
00:00:16.931684 00007f449c001630/0130: 00 00 00 00 00 00 00 00-00 00 00 00 00 00 00 00 ................
00:00:16.931689 00007f449c001640/0140: 00 00 00 00 00 00 00 00-00 00 00 00 00 00 00 00 ................
00:00:16.931690 00007f449c001650/0150: 00 00 00 00 00 00 00 00-00 00 00 00 00 00 00 00 ................
00:00:16.931692 00007f449c001660/0160: 00 00 00 00 00 00 00 00-00 00 00 00 00 00 00 00 ................
00:00:16.931694 00007f449c001670/0170: 00 00 00 00 00 00 00 00-00 00 00 00 00 00 00 00 ................
00:00:16.931696 00007f449c001680/0180: 00 00 00 00 00 00 00 00-00 00 00 00 00 00 00 00 ................
00:00:16.931697 00007f449c001690/0190: 00 00 00 00 00 00 00 00-00 00 00 00 00 00 00 00 ................
00:00:16.931699 00007f449c0016a0/01a0: 00 00 00 00 00 00 00 00-00 00 00 00 00 00 00 00 ................
00:00:16.931701 00007f449c0016b0/01b0: 00 00 00 00 00 00 00 00-00 00 00 00 00 00 00 00 ................
00:00:16.931703 00007f449c0016c0/01c0: 00 00 00 00 00 00 00 00-00 00 00 00 00 00 00 00 ................
00:00:16.931705 00007f449c0016d0/01d0: 00 00 00 00 00 00 00 00-00 00 00 00 00 00 00 00 ................
00:00:16.931706 00007f449c0016e0/01e0: 00 00 00 00 00 00 00 00-00 00 00 00 00 00 00 00 ................
00:00:16.931708 00007f449c0016f0/01f0: 00 00 00 00 00 00 00 00-00 00 00 00 00 00 00 00 ................
00:00:16.931710 00007f449c001700/0200: 00 00 00 00 00 00 00 00-00 00 00 00 00 00 00 00 ................
00:00:16.931712 00007f449c001710/0210: 00 00 00 00 00 00 00 00-00 00 00 00 00 00 00 00 ................
00:00:16.931714 00007f449c001720/0220: 00 00 00 00                                     ....
00:00:16.932143 REQUEST xid 0x3976b5a4 chaddr 08:00:27:74:7a:4f
00:00:16.932156  ciaddr 0.0.0.0
00:00:16.932160  for server 10.0.2.3 client id: ff 27 74 7a 4f 00 01 00 01 2c 88 69 3e 08 00 27 e7 3b 62
00:00:16.932166  requested address 10.0.2.4
00:00:16.932170  params { 1 28 2 3 15 6 119 12 44 47 26 121 42 }
00:00:16.932195   12: 'k'
00:00:16.932197   54: 0a 00 02 03
00:00:16.932200 > allocateAddress 10.0.2.4 to client [ff:27:74:7a:4f:00:01:00:01:2c:88:69:3e:08:00:27:e7:3b:62] (08:00:27:74:7a:4f)
00:00:16.932206 > .... noted expired binding 10.0.2.7 to [01:08:00:27:d2:9a:c4] (08:00:27:d2:9a:c4), expired, valid from 2023-09-06T14:47:19Z for 600s until 2023-09-06T14:57:19Z
00:00:16.932212 > ... found existing binding 10.0.2.4 to [ff:27:74:7a:4f:00:01:00:01:2c:88:69:3e:08:00:27:e7:3b:62] (08:00:27:74:7a:4f), offered, valid from 2023-09-06T23:02:44Z for 600s until 2023-09-06T23:12:44Z
00:00:16.932217 Lease time 600 secs (default)
00:00:16.932220 writing leases to /home/m/.config/VirtualBox/lab2-Dhcpd.leases
00:00:16.937668 >>> requested option 1 (SubnetMask)
00:00:16.937682 ... always supplied
00:00:16.937684 >>> requested option 28 (BroadcastAddress)
00:00:16.937687 ... not found
00:00:16.937689 >>> requested option 2 (TimeOffset)
00:00:16.937691 ... not found
00:00:16.937692 >>> requested option 3 (Routers)
00:00:16.937695 ... found in GlobalConfig (type global)
00:00:16.937697 >>> requested option 15 (DomainName)
00:00:16.937699 ... found in GlobalConfig (type global)
00:00:16.937701 >>> requested option 6 (DNSes)
00:00:16.937703 ... found in GlobalConfig (type global)
00:00:16.937705 >>> requested option 119 (DomainSearch)
00:00:16.937708 ... not found
00:00:16.937709 >>> requested option 12 (HostName)
00:00:16.937711 ... not found
00:00:16.937713 >>> requested option 44 (NetBIOSNameServers)
00:00:16.937715 ... not found
00:00:16.937717 >>> requested option 47 (NetBIOSScope)
00:00:16.937719 ... not found
00:00:16.937724 >>> requested option 26 (InterfaceMTU)
00:00:16.937726 ... not found
00:00:16.937728 >>> requested option 121 (unknown)
00:00:16.937729 ... not found
00:00:16.937731 >>> requested option 42 (NTPServers)
00:00:16.937733 ... not found
00:00:16.937739 encoding option 1 (SubnetMask)
00:00:16.937741 encoding option 3 (Routers)
00:00:16.937743 encoding option 6 (DNSes)
00:00:16.937745 encoding option 15 (DomainName)
00:00:16.937747 encoding option 51 (LeaseTime)
00:00:16.937750 ACK xid 0x3976b5a4 chaddr 08:00:27:74:7a:4f
00:00:16.937758  ciaddr 0.0.0.0 yiaddr 10.0.2.4
00:00:16.937764 encoded message: 548 bytes
00:00:16.937766 00007f449c001500/0000: 02 01 06 00 a4 b5 76 39-00 00 00 00 00 00 00 00 ......v9........
00:00:16.937769 00007f449c001510/0010: 0a 00 02 04 00 00 00 00-00 00 00 00 08 00 27 74 ..............'t
00:00:16.937771 00007f449c001520/0020: 7a 4f 00 00 00 00 00 00-00 00 00 00 00 00 00 00 zO..............
00:00:16.937773 00007f449c001530/0030: 00 00 00 00 00 00 00 00-00 00 00 00 00 00 00 00 ................
00:00:16.937775 00007f449c001540/0040: 00 00 00 00 00 00 00 00-00 00 00 00 00 00 00 00 ................
00:00:16.937777 00007f449c001550/0050: 00 00 00 00 00 00 00 00-00 00 00 00 00 00 00 00 ................
00:00:16.937778 00007f449c001560/0060: 00 00 00 00 00 00 00 00-00 00 00 00 00 00 00 00 ................
00:00:16.937780 00007f449c001570/0070: 00 00 00 00 00 00 00 00-00 00 00 00 00 00 00 00 ................
00:00:16.937782 00007f449c001580/0080: 00 00 00 00 00 00 00 00-00 00 00 00 00 00 00 00 ................
00:00:16.937784 00007f449c001590/0090: 00 00 00 00 00 00 00 00-00 00 00 00 00 00 00 00 ................
00:00:16.937785 00007f449c0015a0/00a0: 00 00 00 00 00 00 00 00-00 00 00 00 00 00 00 00 ................
00:00:16.937787 00007f449c0015b0/00b0: 00 00 00 00 00 00 00 00-00 00 00 00 00 00 00 00 ................
00:00:16.937789 00007f449c0015c0/00c0: 00 00 00 00 00 00 00 00-00 00 00 00 00 00 00 00 ................
00:00:16.937791 00007f449c0015d0/00d0: 00 00 00 00 00 00 00 00-00 00 00 00 00 00 00 00 ................
00:00:16.937793 00007f449c0015e0/00e0: 00 00 00 00 00 00 00 00-00 00 00 00 63 82 53 63 ............c.Sc
00:00:16.937794 00007f449c0015f0/00f0: 36 04 0a 00 02 03 35 01-05 01 04 ff ff ff 00 03 6.....5.........
00:00:16.937867 00007f449c001600/0100: 04 0a 00 02 01 06 04 c0-a8 01 01 0f 05 6c 6f 63 .............loc
00:00:16.937870 00007f449c001610/0110: 61 6c 33 04 00 00 02 58-ff 00 00 00 00 00 00 00 al3....X........
00:00:16.937872 00007f449c001620/0120: 00 00 00 00 00 00 00 00-00 00 00 00 00 00 00 00 ................
00:00:16.937873 00007f449c001630/0130: 00 00 00 00 00 00 00 00-00 00 00 00 00 00 00 00 ................
00:00:16.937875 00007f449c001640/0140: 00 00 00 00 00 00 00 00-00 00 00 00 00 00 00 00 ................
00:00:16.937877 00007f449c001650/0150: 00 00 00 00 00 00 00 00-00 00 00 00 00 00 00 00 ................
00:00:16.937879 00007f449c001660/0160: 00 00 00 00 00 00 00 00-00 00 00 00 00 00 00 00 ................
00:00:16.937880 00007f449c001670/0170: 00 00 00 00 00 00 00 00-00 00 00 00 00 00 00 00 ................
00:00:16.937882 00007f449c001680/0180: 00 00 00 00 00 00 00 00-00 00 00 00 00 00 00 00 ................
00:00:16.937884 00007f449c001690/0190: 00 00 00 00 00 00 00 00-00 00 00 00 00 00 00 00 ................
00:00:16.937886 00007f449c0016a0/01a0: 00 00 00 00 00 00 00 00-00 00 00 00 00 00 00 00 ................
00:00:16.937888 00007f449c0016b0/01b0: 00 00 00 00 00 00 00 00-00 00 00 00 00 00 00 00 ................
00:00:16.937889 00007f449c0016c0/01c0: 00 00 00 00 00 00 00 00-00 00 00 00 00 00 00 00 ................
00:00:16.937891 00007f449c0016d0/01d0: 00 00 00 00 00 00 00 00-00 00 00 00 00 00 00 00 ................
00:00:16.937893 00007f449c0016e0/01e0: 00 00 00 00 00 00 00 00-00 00 00 00 00 00 00 00 ................
00:00:16.937895 00007f449c0016f0/01f0: 00 00 00 00 00 00 00 00-00 00 00 00 00 00 00 00 ................
00:00:16.937896 00007f449c001700/0200: 00 00 00 00 00 00 00 00-00 00 00 00 00 00 00 00 ................
00:00:16.937898 00007f449c001710/0210: 00 00 00 00 00 00 00 00-00 00 00 00 00 00 00 00 ................
00:00:16.937900 00007f449c001720/0220: 00 00 00 00                                     ....
