00:00:00.002802 main     VirtualBox XPCOM Server 7.0.10_Debian r158379 linux.amd64 (Aug 25 2023 08:52:23) release log
00:00:00.002805 main     Log opened 2023-09-14T22:12:47.235660000Z
00:00:00.002806 main     Build Type: release
00:00:00.002809 main     OS Product: Linux
00:00:00.002810 main     OS Release: 6.4.0-kali3-amd64
00:00:00.002811 main     OS Version: #1 SMP PREEMPT_DYNAMIC Debian 6.4.11-1kali1 (2023-08-21)
00:00:00.002834 main     DMI Product Name: MS-7816
00:00:00.002841 main     DMI Product Version: 2.0
00:00:00.002847 main     Firmware type: UEFI
00:00:00.003104 main     Secure Boot: Disabled
00:00:00.003161 main     Host RAM: 15937MB (15.5GB) total, 13041MB (12.7GB) available
00:00:00.003165 main     Executable: /usr/lib/virtualbox/VBoxSVC
00:00:00.003165 main     Process ID: 6684
00:00:00.003166 main     Package type: LINUX_64BITS_GENERIC (OSE)
00:00:00.005614 main     IPC socket path: /tmp/.vbox-m-ipc/ipcd
00:00:00.112756 nspr-2   VirtualBox: object creation starts
00:00:00.115192 nspr-2   Home directory: '/home/m/.config/VirtualBox'
00:00:00.116324 nspr-2   Loading settings file "/home/m/.config/VirtualBox/VirtualBox.xml" with version "1.14-linux"
00:00:00.125118 nspr-2   Successfully initialised host USB using sysfs
00:00:00.127250 nspr-2   HostDnsMonitor: initializing
00:00:00.127490 nspr-2   NAT: resolv.conf: nameserver 192.168.1.1
00:00:00.127498 nspr-2   NAT: resolv.conf: nameserver fdac:3fed:79ab::1
00:00:00.127527 nspr-2   HostDnsMonitor: updating information
00:00:00.127538 nspr-2   HostDnsMonitor: old information
00:00:00.127541 nspr-2     no server entries
00:00:00.127543 nspr-2     no domain set
00:00:00.127545 nspr-2     no search string entries
00:00:00.127547 nspr-2   HostDnsMonitor: new information
00:00:00.127549 nspr-2     server 1: 192.168.1.1
00:00:00.127551 nspr-2     server 2: fdac:3fed:79ab::1
00:00:00.127553 nspr-2     domain: lan
00:00:00.127555 nspr-2     search string 1: lan
00:00:00.153155 nspr-2   VD: VDInit finished with VINF_SUCCESS
00:00:00.154517 nspr-2   ERROR [COM]: aRC=NS_ERROR_FAILURE (0x80004005) aIID={aac6c7cb-a371-4c58-ab51-0616896b2f2c} aComponent={SystemPropertiesWrap} aText={Cannot determine default Guest Additions ISO location. Most likely they are not available}, preserve=false aResultDetail=0
00:00:00.233214 nspr-2   Loading settings file "/mnt/shared/vms/kali/kali.vbox" with version "1.19-linux"
00:00:00.260098 nspr-2   Loading settings file "/mnt/shared/vms/win/win.vbox" with version "1.19-linux"
00:00:00.290925 nspr-2   Loading settings file "/mnt/shared/vms/ub/ub.vbox" with version "1.19-linux"
00:00:00.320172 nspr-2   Loading settings file "/mnt/shared/vms/mrrobot/mrrobot.vbox" with version "1.19-linux"
00:00:00.347006 nspr-2   Loading settings file "/mnt/shared/vms/remnux/remnux.vbox" with version "1.19-linux"
00:00:00.351923 nspr-2   OCI: Local config file '/home/m/.config/VirtualBox/oci_config' does not exist
00:00:00.351942 nspr-2   OCI: Original config file '/home/m/.oci/config' does not exist
00:00:00.351945 nspr-2   OCI: Reading profiles finished with status NS_OK
00:00:00.351949 nspr-2   ExtPack: Created cloud provider 'OCI' (hrc=NS_OK)
00:00:00.351981 nspr-2   VirtualBox: object created
00:00:01.351863 nspr-2   ERROR [COM]: aRC=VBOX_E_INVALID_VM_STATE (0x80bb0002) aIID={300763af-5d6b-46e6-aa96-273eac15538a} aComponent={MachineWrap} aText={The machine is not mutable (state is PoweredOff)}, preserve=false aResultDetail=0
00:00:01.620194 nspr-3   Saving settings file "/home/m/.config/VirtualBox/VirtualBox.xml" with version "1.14-linux"
00:00:01.625521 nspr-3   Finished saving settings file "/home/m/.config/VirtualBox/VirtualBox.xml"
00:00:03.703508 nspr-6   ERROR [COM]: aRC=VBOX_E_INVALID_VM_STATE (0x80bb0002) aIID={300763af-5d6b-46e6-aa96-273eac15538a} aComponent={MachineWrap} aText={The machine is not mutable (state is PoweredOff)}, preserve=false aResultDetail=0
00:00:03.796355 nspr-5   ERROR [COM]: aRC=VBOX_E_INVALID_VM_STATE (0x80bb0002) aIID={300763af-5d6b-46e6-aa96-273eac15538a} aComponent={MachineWrap} aText={The machine is not mutable (state is PoweredOff)}, preserve=false aResultDetail=0
00:00:05.359251 nspr-3   ERROR [COM]: aRC=VBOX_E_INVALID_VM_STATE (0x80bb0002) aIID={300763af-5d6b-46e6-aa96-273eac15538a} aComponent={MachineWrap} aText={The machine is not mutable (state is PoweredOff)}, preserve=false aResultDetail=0
00:00:05.445439 nspr-6   Launched VM: 1677733136 pid: 6730 (0x1a4a) frontend: GUI/Qt name: kali
00:00:05.465325 nspr-7   ERROR [COM]: aRC=VBOX_E_INVALID_VM_STATE (0x80bb0002) aIID={300763af-5d6b-46e6-aa96-273eac15538a} aComponent={MachineWrap} aText={The machine is not mutable (state is PoweredOff)}, preserve=false aResultDetail=0
00:00:05.693548 nspr-8   ERROR [COM]: aRC=VBOX_E_INVALID_VM_STATE (0x80bb0002) aIID={300763af-5d6b-46e6-aa96-273eac15538a} aComponent={MachineWrap} aText={The machine is not mutable (state is PoweredOff)}, preserve=false aResultDetail=0
00:00:05.929085 nspr-8   Saving settings file "/home/m/.config/VirtualBox/VirtualBox.xml" with version "1.14-linux"
00:00:05.935403 nspr-8   Finished saving settings file "/home/m/.config/VirtualBox/VirtualBox.xml"
00:00:06.226026 nspr-3   Load [/usr/lib/virtualbox/ExtensionPacks/Oracle_VM_VirtualBox_Extension_Pack/linux.amd64/VBoxHostWebcam.so] vrc=VINF_SUCCESS
00:00:06.281618 nspr-5   ERROR [COM]: aRC=VBOX_E_IPRT_ERROR (0x80bb0005) aIID={300763af-5d6b-46e6-aa96-273eac15538a} aComponent={SessionMachine} aText={Saved screenshot data is not available (VERR_NOT_SUPPORTED)}, preserve=false aResultDetail=-37
00:00:06.503273 nspr-7   NetworkServiceRunning: started 'VBoxNetDHCP', pid 00001a6c
00:00:06.593284 nspr-7   ERROR [COM]: aRC=VBOX_E_INVALID_VM_STATE (0x80bb0002) aIID={300763af-5d6b-46e6-aa96-273eac15538a} aComponent={MachineWrap} aText={The machine is not mutable (state is Starting)}, preserve=false aResultDetail=0
00:00:06.673976 nspr-2   ERROR [COM]: aRC=VBOX_E_OBJECT_NOT_FOUND (0x80bb0001) aIID={ad47ad09-787b-44ab-b343-a082a3f2dfb1} aComponent={MediumWrap} aText={Property 'CRYPT/KeyId' does not exist}, preserve=false aResultDetail=0
00:00:06.825175 nspr-4   ERROR [COM]: aRC=VBOX_E_INVALID_VM_STATE (0x80bb0002) aIID={300763af-5d6b-46e6-aa96-273eac15538a} aComponent={MachineWrap} aText={The machine is not mutable (state is Running)}, preserve=false aResultDetail=0
00:00:06.837396 nspr-6   Saving settings file "/mnt/shared/vms/kali/kali.vbox" with version "1.19-linux"
00:00:06.970923 nspr-6   Finished saving settings file "/mnt/shared/vms/kali/kali.vbox"
00:00:06.971164 nspr-8   Saving settings file "/home/m/.config/VirtualBox/VirtualBox.xml" with version "1.14-linux"
00:00:06.977222 nspr-8   Finished saving settings file "/home/m/.config/VirtualBox/VirtualBox.xml"
00:00:07.030576 nspr-2   ERROR [COM]: aRC=VBOX_E_INVALID_VM_STATE (0x80bb0002) aIID={300763af-5d6b-46e6-aa96-273eac15538a} aComponent={MachineWrap} aText={The machine is not mutable (state is Running)}, preserve=false aResultDetail=0
00:00:10.480739 nspr-2   ERROR [COM]: aRC=VBOX_E_INVALID_VM_STATE (0x80bb0002) aIID={300763af-5d6b-46e6-aa96-273eac15538a} aComponent={MachineWrap} aText={The machine is not mutable (state is Paused)}, preserve=false aResultDetail=0
00:00:11.652918 nspr-4   Saving settings file "/mnt/shared/vms/kali/kali.vbox" with version "1.19-linux"
00:00:11.812607 nspr-4   Finished saving settings file "/mnt/shared/vms/kali/kali.vbox"
00:00:11.958430 nspr-9   ERROR [COM]: aRC=VBOX_E_INVALID_VM_STATE (0x80bb0002) aIID={300763af-5d6b-46e6-aa96-273eac15538a} aComponent={MachineWrap} aText={The machine is not mutable (state is PoweredOff)}, preserve=false aResultDetail=0
00:00:12.666157 nspr-5   ERROR [COM]: aRC=VBOX_E_INVALID_VM_STATE (0x80bb0002) aIID={300763af-5d6b-46e6-aa96-273eac15538a} aComponent={MachineWrap} aText={The machine is not mutable (state is PoweredOff)}, preserve=false aResultDetail=0
00:00:13.001987 nspr-8   Saving settings file "/home/m/.config/VirtualBox/VirtualBox.xml" with version "1.14-linux"
00:00:13.007408 nspr-8   Finished saving settings file "/home/m/.config/VirtualBox/VirtualBox.xml"
00:00:14.736149 nspr-3   ERROR [COM]: aRC=VBOX_E_OBJECT_NOT_FOUND (0x80bb0001) aIID={5bfd8965-b81b-469f-8649-f717ce97a5d5} aComponent={NvramStoreWrap} aText={The UEFI NVRAM file is not existing for this machine.}, preserve=false aResultDetail=0
00:00:14.893223 nspr-2   ERROR [COM]: aRC=VBOX_E_INVALID_VM_STATE (0x80bb0002) aIID={300763af-5d6b-46e6-aa96-273eac15538a} aComponent={MachineWrap} aText={The machine is not mutable (state is PoweredOff)}, preserve=false aResultDetail=0
00:00:15.120041 nspr-5   Saving settings file "/home/m/.config/VirtualBox/VirtualBox.xml" with version "1.14-linux"
00:00:15.125123 nspr-5   Finished saving settings file "/home/m/.config/VirtualBox/VirtualBox.xml"
00:00:26.468642 nspr-7   Saving settings file "/mnt/shared/vms/kali/kali.vbox" with version "1.19-linux"
00:00:26.637532 nspr-7   Finished saving settings file "/mnt/shared/vms/kali/kali.vbox"
00:00:26.740792 nspr-8   ERROR [COM]: aRC=VBOX_E_INVALID_VM_STATE (0x80bb0002) aIID={300763af-5d6b-46e6-aa96-273eac15538a} aComponent={MachineWrap} aText={The machine is not mutable (state is PoweredOff)}, preserve=false aResultDetail=0
00:00:27.002514 nspr-7   Saving settings file "/home/m/.config/VirtualBox/VirtualBox.xml" with version "1.14-linux"
00:00:27.007632 nspr-7   Finished saving settings file "/home/m/.config/VirtualBox/VirtualBox.xml"
00:00:27.557405 nspr-6   Saving settings file "/home/m/.config/VirtualBox/VirtualBox.xml" with version "1.14-linux"
00:00:27.562238 nspr-6   Finished saving settings file "/home/m/.config/VirtualBox/VirtualBox.xml"
00:00:27.663987 nspr-4   ERROR [COM]: aRC=VBOX_E_INVALID_VM_STATE (0x80bb0002) aIID={300763af-5d6b-46e6-aa96-273eac15538a} aComponent={MachineWrap} aText={The machine is not mutable (state is PoweredOff)}, preserve=false aResultDetail=0
00:00:30.428624 nspr-6   ERROR [COM]: aRC=VBOX_E_OBJECT_NOT_FOUND (0x80bb0001) aIID={5bfd8965-b81b-469f-8649-f717ce97a5d5} aComponent={NvramStoreWrap} aText={The UEFI NVRAM file is not existing for this machine.}, preserve=false aResultDetail=0
00:00:30.609521 nspr-3   ERROR [COM]: aRC=VBOX_E_INVALID_VM_STATE (0x80bb0002) aIID={300763af-5d6b-46e6-aa96-273eac15538a} aComponent={MachineWrap} aText={The machine is not mutable (state is PoweredOff)}, preserve=false aResultDetail=0
00:00:30.815213 nspr-9   Saving settings file "/home/m/.config/VirtualBox/VirtualBox.xml" with version "1.14-linux"
00:00:30.823555 nspr-9   Finished saving settings file "/home/m/.config/VirtualBox/VirtualBox.xml"
00:00:37.154600 nspr-4   Saving settings file "/mnt/shared/vms/mrrobot/mrrobot.vbox" with version "1.19-linux"
00:00:37.306016 nspr-4   Finished saving settings file "/mnt/shared/vms/mrrobot/mrrobot.vbox"
00:00:37.417115 nspr-5   ERROR [COM]: aRC=VBOX_E_INVALID_VM_STATE (0x80bb0002) aIID={300763af-5d6b-46e6-aa96-273eac15538a} aComponent={MachineWrap} aText={The machine is not mutable (state is PoweredOff)}, preserve=false aResultDetail=0
00:00:37.701869 nspr-3   Saving settings file "/home/m/.config/VirtualBox/VirtualBox.xml" with version "1.14-linux"
00:00:37.707690 nspr-3   Finished saving settings file "/home/m/.config/VirtualBox/VirtualBox.xml"
00:00:38.382596 nspr-4   ERROR [COM]: aRC=VBOX_E_INVALID_VM_STATE (0x80bb0002) aIID={300763af-5d6b-46e6-aa96-273eac15538a} aComponent={MachineWrap} aText={The machine is not mutable (state is PoweredOff)}, preserve=false aResultDetail=0
00:00:38.476115 nspr-6   ERROR [COM]: aRC=VBOX_E_INVALID_VM_STATE (0x80bb0002) aIID={300763af-5d6b-46e6-aa96-273eac15538a} aComponent={MachineWrap} aText={The machine is not mutable (state is PoweredOff)}, preserve=false aResultDetail=0
00:00:40.639550 nspr-7   Launched VM: 1006646080 pid: 6832 (0x1ab0) frontend: GUI/Qt name: mrrobot
00:00:40.643299 nspr-8   Launched VM: 1073809088 pid: 6834 (0x1ab2) frontend: GUI/Qt name: kali
00:00:40.687863 nspr-3   ERROR [COM]: aRC=VBOX_E_INVALID_VM_STATE (0x80bb0002) aIID={300763af-5d6b-46e6-aa96-273eac15538a} aComponent={MachineWrap} aText={The machine is not mutable (state is PoweredOff)}, preserve=false aResultDetail=0
00:00:40.696302 nspr-3   ERROR [COM]: aRC=VBOX_E_INVALID_VM_STATE (0x80bb0002) aIID={300763af-5d6b-46e6-aa96-273eac15538a} aComponent={MachineWrap} aText={The machine is not mutable (state is PoweredOff)}, preserve=false aResultDetail=0
00:00:40.926584 nspr-11  ERROR [COM]: aRC=VBOX_E_INVALID_VM_STATE (0x80bb0002) aIID={300763af-5d6b-46e6-aa96-273eac15538a} aComponent={MachineWrap} aText={The machine is not mutable (state is PoweredOff)}, preserve=false aResultDetail=0
00:00:40.939538 nspr-2   ERROR [COM]: aRC=VBOX_E_INVALID_VM_STATE (0x80bb0002) aIID={300763af-5d6b-46e6-aa96-273eac15538a} aComponent={MachineWrap} aText={The machine is not mutable (state is PoweredOff)}, preserve=false aResultDetail=0
00:00:41.184926 nspr-9   Saving settings file "/home/m/.config/VirtualBox/VirtualBox.xml" with version "1.14-linux"
00:00:41.189729 nspr-9   Finished saving settings file "/home/m/.config/VirtualBox/VirtualBox.xml"
00:00:41.449654 nspr-12  Load [/usr/lib/virtualbox/ExtensionPacks/Oracle_VM_VirtualBox_Extension_Pack/linux.amd64/VBoxHostWebcam.so] vrc=VINF_SUCCESS
00:00:41.459316 nspr-12  Load [/usr/lib/virtualbox/ExtensionPacks/Oracle_VM_VirtualBox_Extension_Pack/linux.amd64/VBoxHostWebcam.so] vrc=VINF_SUCCESS
00:00:41.506001 nspr-10  ERROR [COM]: aRC=VBOX_E_IPRT_ERROR (0x80bb0005) aIID={300763af-5d6b-46e6-aa96-273eac15538a} aComponent={SessionMachine} aText={Saved screenshot data is not available (VERR_NOT_SUPPORTED)}, preserve=false aResultDetail=-37
00:00:41.517457 nspr-10  ERROR [COM]: aRC=VBOX_E_IPRT_ERROR (0x80bb0005) aIID={300763af-5d6b-46e6-aa96-273eac15538a} aComponent={SessionMachine} aText={Saved screenshot data is not available (VERR_NOT_SUPPORTED)}, preserve=false aResultDetail=-37
00:00:41.705320 nspr-10  NetIfAdpCtl: failed to create process for /usr/lib/virtualbox/VBoxNetAdpCtl: iStats=38 enmReason=1
00:00:41.705336 nspr-10  Failed to EnableStaticIpConfig with vrc=VERR_ACCESS_DENIED
00:00:41.805602 nspr-11  NetIfAdpCtl: failed to create process for /usr/lib/virtualbox/VBoxNetAdpCtl: iStats=38 enmReason=1
00:00:41.805621 nspr-11  Failed to EnableStaticIpConfig with vrc=VERR_ACCESS_DENIED
00:00:41.914506 nspr-10  ERROR [COM]: aRC=VBOX_E_OBJECT_NOT_FOUND (0x80bb0001) aIID={ad47ad09-787b-44ab-b343-a082a3f2dfb1} aComponent={MediumWrap} aText={Property 'CRYPT/KeyId' does not exist}, preserve=false aResultDetail=0
00:00:41.949074 nspr-9   ERROR [COM]: aRC=VBOX_E_OBJECT_NOT_FOUND (0x80bb0001) aIID={ad47ad09-787b-44ab-b343-a082a3f2dfb1} aComponent={MediumWrap} aText={Property 'CRYPT/KeyId' does not exist}, preserve=false aResultDetail=0
00:00:42.181477 nspr-4   Saving settings file "/mnt/shared/vms/mrrobot/mrrobot.vbox" with version "1.19-linux"
00:00:42.183461 nspr-2   Saving settings file "/mnt/shared/vms/kali/kali.vbox" with version "1.19-linux"
00:00:42.397583 nspr-4   Finished saving settings file "/mnt/shared/vms/mrrobot/mrrobot.vbox"
00:00:42.437499 nspr-2   Finished saving settings file "/mnt/shared/vms/kali/kali.vbox"
00:00:43.077412 nspr-6   Saving settings file "/home/m/.config/VirtualBox/VirtualBox.xml" with version "1.14-linux"
00:00:43.083420 nspr-6   Finished saving settings file "/home/m/.config/VirtualBox/VirtualBox.xml"
00:00:43.235229 nspr-6   ERROR [COM]: aRC=VBOX_E_INVALID_VM_STATE (0x80bb0002) aIID={300763af-5d6b-46e6-aa96-273eac15538a} aComponent={MachineWrap} aText={The machine is not mutable (state is Running)}, preserve=false aResultDetail=0
00:00:43.249282 nspr-4   ERROR [COM]: aRC=VBOX_E_INVALID_VM_STATE (0x80bb0002) aIID={300763af-5d6b-46e6-aa96-273eac15538a} aComponent={MachineWrap} aText={The machine is not mutable (state is Running)}, preserve=false aResultDetail=0
00:00:48.085649 nspr-12  Saving settings file "/mnt/shared/vms/kali/kali.vbox" with version "1.19-linux"
00:00:48.096561 nspr-8   Saving settings file "/mnt/shared/vms/mrrobot/mrrobot.vbox" with version "1.19-linux"
00:00:48.333148 nspr-12  Finished saving settings file "/mnt/shared/vms/kali/kali.vbox"
00:00:48.378956 nspr-8   Finished saving settings file "/mnt/shared/vms/mrrobot/mrrobot.vbox"
00:00:48.572230 nspr-3   ERROR [COM]: aRC=VBOX_E_INVALID_VM_STATE (0x80bb0002) aIID={300763af-5d6b-46e6-aa96-273eac15538a} aComponent={MachineWrap} aText={The machine is not mutable (state is Running)}, preserve=false aResultDetail=0
00:00:48.586367 nspr-10  ERROR [COM]: aRC=VBOX_E_INVALID_VM_STATE (0x80bb0002) aIID={300763af-5d6b-46e6-aa96-273eac15538a} aComponent={MachineWrap} aText={The machine is not mutable (state is Running)}, preserve=false aResultDetail=0
00:01:19.104995 nspr-4   Saving settings file "/mnt/shared/vms/mrrobot/mrrobot.vbox" with version "1.19-linux"
00:01:19.106854 nspr-11  Saving settings file "/mnt/shared/vms/kali/kali.vbox" with version "1.19-linux"
00:01:19.338475 nspr-4   Finished saving settings file "/mnt/shared/vms/mrrobot/mrrobot.vbox"
00:01:19.378358 nspr-11  Finished saving settings file "/mnt/shared/vms/kali/kali.vbox"
00:01:19.483559 nspr-7   ERROR [COM]: aRC=VBOX_E_INVALID_VM_STATE (0x80bb0002) aIID={300763af-5d6b-46e6-aa96-273eac15538a} aComponent={MachineWrap} aText={The machine is not mutable (state is Running)}, preserve=false aResultDetail=0
00:01:19.496690 nspr-10  ERROR [COM]: aRC=VBOX_E_INVALID_VM_STATE (0x80bb0002) aIID={300763af-5d6b-46e6-aa96-273eac15538a} aComponent={MachineWrap} aText={The machine is not mutable (state is Running)}, preserve=false aResultDetail=0
00:01:50.802942 nspr-10  Saving settings file "/home/m/.config/VirtualBox/VirtualBox.xml" with version "1.14-linux"
00:01:50.808862 nspr-10  Finished saving settings file "/home/m/.config/VirtualBox/VirtualBox.xml"
00:02:19.473083 nspr-4   Saving settings file "/mnt/shared/vms/kali/kali.vbox" with version "1.19-linux"
00:02:19.635539 nspr-4   Finished saving settings file "/mnt/shared/vms/kali/kali.vbox"
00:02:19.738979 nspr-6   ERROR [COM]: aRC=VBOX_E_INVALID_VM_STATE (0x80bb0002) aIID={300763af-5d6b-46e6-aa96-273eac15538a} aComponent={MachineWrap} aText={The machine is not mutable (state is Running)}, preserve=false aResultDetail=0
00:04:05.303117 USBPROXY USBProxyBackendLinux: Device 05ac:024f (sysfs:/sys/devices/pci0000:00/0000:00:14.0/usb3/3-2/3-2.3//device:/dev/vboxusb/003/011) isn't accessible. giving udev a few seconds to fix this...
00:04:35.162013 nspr-10  Saving settings file "/mnt/shared/vms/kali/kali.vbox" with version "1.19-linux"
00:04:35.176266 nspr-5   Saving settings file "/mnt/shared/vms/mrrobot/mrrobot.vbox" with version "1.19-linux"
00:04:35.424892 nspr-10  Finished saving settings file "/mnt/shared/vms/kali/kali.vbox"
00:04:35.437199 nspr-12  Saving settings file "/mnt/shared/vms/kali/kali.vbox" with version "1.19-linux"
00:04:35.541529 nspr-5   Finished saving settings file "/mnt/shared/vms/mrrobot/mrrobot.vbox"
00:04:35.708631 nspr-12  Finished saving settings file "/mnt/shared/vms/kali/kali.vbox"
00:04:35.916788 nspr-8   ERROR [COM]: aRC=VBOX_E_INVALID_VM_STATE (0x80bb0002) aIID={300763af-5d6b-46e6-aa96-273eac15538a} aComponent={MachineWrap} aText={The machine is not mutable (state is Running)}, preserve=false aResultDetail=0
00:04:35.930889 nspr-8   ERROR [COM]: aRC=VBOX_E_INVALID_VM_STATE (0x80bb0002) aIID={300763af-5d6b-46e6-aa96-273eac15538a} aComponent={MachineWrap} aText={The machine is not mutable (state is Running)}, preserve=false aResultDetail=0
00:05:02.745066 nspr-6   ERROR [COM]: aRC=VBOX_E_INVALID_VM_STATE (0x80bb0002) aIID={300763af-5d6b-46e6-aa96-273eac15538a} aComponent={SessionMachine} aText={The machine is not mutable (state is Running)}, preserve=false aResultDetail=0
00:05:03.019006 nspr-5   Saving settings file "/mnt/shared/vms/mrrobot/mrrobot.vbox" with version "1.19-linux"
00:05:03.066655 nspr-11  Saving settings file "/mnt/shared/vms/kali/kali.vbox" with version "1.19-linux"
00:05:03.243280 nspr-5   Finished saving settings file "/mnt/shared/vms/mrrobot/mrrobot.vbox"
00:05:03.308363 nspr-11  Finished saving settings file "/mnt/shared/vms/kali/kali.vbox"
00:05:03.354842 nspr-8   Saving settings file "/mnt/shared/vms/kali/kali.vbox" with version "1.19-linux"
00:05:03.499977 nspr-8   Finished saving settings file "/mnt/shared/vms/kali/kali.vbox"
00:05:03.505589 nspr-13  ERROR [COM]: aRC=VBOX_E_INVALID_VM_STATE (0x80bb0002) aIID={300763af-5d6b-46e6-aa96-273eac15538a} aComponent={SessionMachine} aText={The machine is not mutable (state is Running)}, preserve=false aResultDetail=0
00:05:03.816615 nspr-13  ERROR [COM]: aRC=VBOX_E_INVALID_VM_STATE (0x80bb0002) aIID={300763af-5d6b-46e6-aa96-273eac15538a} aComponent={MachineWrap} aText={The machine is not mutable (state is Running)}, preserve=false aResultDetail=0
00:05:03.821377 nspr-13  ERROR [COM]: aRC=VBOX_E_INVALID_VM_STATE (0x80bb0002) aIID={300763af-5d6b-46e6-aa96-273eac15538a} aComponent={MachineWrap} aText={The machine is not mutable (state is Running)}, preserve=false aResultDetail=0
00:05:09.574433 nspr-8   Saving settings file "/mnt/shared/vms/kali/kali.vbox" with version "1.19-linux"
00:05:09.588230 nspr-2   Saving settings file "/mnt/shared/vms/mrrobot/mrrobot.vbox" with version "1.19-linux"
00:05:09.870628 nspr-8   Finished saving settings file "/mnt/shared/vms/kali/kali.vbox"
00:05:09.881132 nspr-8   Saving settings file "/mnt/shared/vms/kali/kali.vbox" with version "1.19-linux"
00:05:09.909880 nspr-2   Finished saving settings file "/mnt/shared/vms/mrrobot/mrrobot.vbox"
00:05:10.049906 nspr-8   Finished saving settings file "/mnt/shared/vms/kali/kali.vbox"
00:05:10.371763 nspr-2   ERROR [COM]: aRC=VBOX_E_INVALID_VM_STATE (0x80bb0002) aIID={300763af-5d6b-46e6-aa96-273eac15538a} aComponent={MachineWrap} aText={The machine is not mutable (state is Running)}, preserve=false aResultDetail=0
00:05:10.376570 nspr-2   ERROR [COM]: aRC=VBOX_E_INVALID_VM_STATE (0x80bb0002) aIID={300763af-5d6b-46e6-aa96-273eac15538a} aComponent={MachineWrap} aText={The machine is not mutable (state is Running)}, preserve=false aResultDetail=0
00:05:18.468345 nspr-13  Saving settings file "/home/m/.config/VirtualBox/VirtualBox.xml" with version "1.14-linux"
00:05:18.475935 nspr-13  Finished saving settings file "/home/m/.config/VirtualBox/VirtualBox.xml"
00:05:21.822690 nspr-10  Saving settings file "/home/m/.config/VirtualBox/VirtualBox.xml" with version "1.14-linux"
00:05:21.828699 nspr-10  Finished saving settings file "/home/m/.config/VirtualBox/VirtualBox.xml"
00:05:26.382052 nspr-3   Saving settings file "/home/m/.config/VirtualBox/VirtualBox.xml" with version "1.14-linux"
00:05:26.387207 nspr-3   Finished saving settings file "/home/m/.config/VirtualBox/VirtualBox.xml"
00:05:49.472836 nspr-9   Saving settings file "/mnt/shared/vms/kali/kali.vbox" with version "1.19-linux"
00:05:49.616139 nspr-9   Finished saving settings file "/mnt/shared/vms/kali/kali.vbox"
00:05:49.675751 nspr-9   ERROR [COM]: aRC=VBOX_E_INVALID_VM_STATE (0x80bb0002) aIID={300763af-5d6b-46e6-aa96-273eac15538a} aComponent={MachineWrap} aText={The machine is not mutable (state is Running)}, preserve=false aResultDetail=0
00:05:51.136588 nspr-6   Saving settings file "/mnt/shared/vms/kali/kali.vbox" with version "1.19-linux"
00:05:51.274470 nspr-6   Finished saving settings file "/mnt/shared/vms/kali/kali.vbox"
00:05:51.339359 nspr-6   ERROR [COM]: aRC=VBOX_E_INVALID_VM_STATE (0x80bb0002) aIID={300763af-5d6b-46e6-aa96-273eac15538a} aComponent={MachineWrap} aText={The machine is not mutable (state is Running)}, preserve=false aResultDetail=0
00:10:26.032619 nspr-8   Saving settings file "/home/m/.config/VirtualBox/VirtualBox.xml" with version "1.14-linux"
00:10:26.038453 nspr-8   Finished saving settings file "/home/m/.config/VirtualBox/VirtualBox.xml"
00:10:26.503662 nspr-12  ERROR [COM]: aRC=VBOX_E_INVALID_VM_STATE (0x80bb0002) aIID={300763af-5d6b-46e6-aa96-273eac15538a} aComponent={MachineWrap} aText={The machine is not mutable (state is Running)}, preserve=false aResultDetail=0
00:10:26.927541 nspr-3   ERROR [COM]: aRC=VBOX_E_INVALID_VM_STATE (0x80bb0002) aIID={300763af-5d6b-46e6-aa96-273eac15538a} aComponent={MachineWrap} aText={The machine is not mutable (state is Running)}, preserve=false aResultDetail=0
00:10:27.025631 nspr-2   ERROR [COM]: aRC=VBOX_E_INVALID_VM_STATE (0x80bb0002) aIID={300763af-5d6b-46e6-aa96-273eac15538a} aComponent={MachineWrap} aText={The machine is not mutable (state is Running)}, preserve=false aResultDetail=0
00:10:30.224397 nspr-9   ERROR [COM]: aRC=VBOX_E_INVALID_VM_STATE (0x80bb0002) aIID={300763af-5d6b-46e6-aa96-273eac15538a} aComponent={SessionMachine} aText={The machine is not mutable or saved (state is Stopping)}, preserve=false aResultDetail=0
00:10:30.228556 nspr-8   ERROR [COM]: aRC=VBOX_E_INVALID_VM_STATE (0x80bb0002) aIID={300763af-5d6b-46e6-aa96-273eac15538a} aComponent={SessionMachine} aText={The machine is not mutable or saved (state is Stopping)}, preserve=false aResultDetail=0
00:10:30.232990 nspr-12  ERROR [COM]: aRC=VBOX_E_INVALID_VM_STATE (0x80bb0002) aIID={300763af-5d6b-46e6-aa96-273eac15538a} aComponent={SessionMachine} aText={The machine is not mutable or saved (state is Stopping)}, preserve=false aResultDetail=0
00:10:30.236851 nspr-9   ERROR [COM]: aRC=VBOX_E_INVALID_VM_STATE (0x80bb0002) aIID={300763af-5d6b-46e6-aa96-273eac15538a} aComponent={SessionMachine} aText={The machine is not mutable or saved (state is Stopping)}, preserve=false aResultDetail=0
00:10:30.277304 nspr-4   Saving settings file "/mnt/shared/vms/mrrobot/mrrobot.vbox" with version "1.19-linux"
00:10:30.590905 nspr-4   Finished saving settings file "/mnt/shared/vms/mrrobot/mrrobot.vbox"
00:10:30.609252 nspr-9   ERROR [COM]: aRC=VBOX_E_INVALID_VM_STATE (0x80bb0002) aIID={300763af-5d6b-46e6-aa96-273eac15538a} aComponent={SessionMachine} aText={The machine is not mutable or saved (state is Stopping)}, preserve=false aResultDetail=0
00:10:30.612236 nspr-3   ERROR [COM]: aRC=VBOX_E_INVALID_VM_STATE (0x80bb0002) aIID={300763af-5d6b-46e6-aa96-273eac15538a} aComponent={SessionMachine} aText={The machine is not mutable or saved (state is Stopping)}, preserve=false aResultDetail=0
00:10:30.616754 nspr-4   ERROR [COM]: aRC=VBOX_E_INVALID_VM_STATE (0x80bb0002) aIID={300763af-5d6b-46e6-aa96-273eac15538a} aComponent={SessionMachine} aText={The machine is not mutable or saved (state is Stopping)}, preserve=false aResultDetail=0
00:10:30.621224 nspr-3   ERROR [COM]: aRC=VBOX_E_INVALID_VM_STATE (0x80bb0002) aIID={300763af-5d6b-46e6-aa96-273eac15538a} aComponent={SessionMachine} aText={The machine is not mutable or saved (state is Stopping)}, preserve=false aResultDetail=0
00:10:30.649759 nspr-4   Saving settings file "/mnt/shared/vms/kali/kali.vbox" with version "1.19-linux"
00:10:30.789247 nspr-4   Finished saving settings file "/mnt/shared/vms/kali/kali.vbox"
00:10:31.439420 nspr-10  ERROR [COM]: aRC=VBOX_E_INVALID_VM_STATE (0x80bb0002) aIID={300763af-5d6b-46e6-aa96-273eac15538a} aComponent={MachineWrap} aText={The machine is not mutable (state is PoweredOff)}, preserve=false aResultDetail=0
00:10:31.448214 nspr-6   ERROR [COM]: aRC=VBOX_E_INVALID_VM_STATE (0x80bb0002) aIID={300763af-5d6b-46e6-aa96-273eac15538a} aComponent={MachineWrap} aText={The machine is not mutable (state is PoweredOff)}, preserve=false aResultDetail=0
00:10:31.937007 nspr-10  ERROR [COM]: aRC=VBOX_E_INVALID_VM_STATE (0x80bb0002) aIID={300763af-5d6b-46e6-aa96-273eac15538a} aComponent={MachineWrap} aText={The machine is not mutable (state is PoweredOff)}, preserve=false aResultDetail=0
00:10:33.162833 nspr-12  Saving settings file "/home/m/.config/VirtualBox/VirtualBox.xml" with version "1.14-linux"
00:10:33.168700 nspr-12  Finished saving settings file "/home/m/.config/VirtualBox/VirtualBox.xml"
00:10:39.782392 nspr-11  Saving settings file "/home/m/.config/VirtualBox/VirtualBox.xml" with version "1.14-linux"
00:10:39.788448 nspr-11  Finished saving settings file "/home/m/.config/VirtualBox/VirtualBox.xml"
00:10:39.855180 nspr-9   Saving settings file "/home/m/.config/VirtualBox/VirtualBox.xml" with version "1.14-linux"
00:10:39.861039 nspr-9   Finished saving settings file "/home/m/.config/VirtualBox/VirtualBox.xml"
00:10:39.862906 nspr-9   Saving settings file "/home/m/.config/VirtualBox/VirtualBox.xml" with version "1.14-linux"
00:10:39.868567 nspr-9   Finished saving settings file "/home/m/.config/VirtualBox/VirtualBox.xml"
00:10:40.846845 nspr-2   Saving settings file "/home/m/.config/VirtualBox/VirtualBox.xml" with version "1.14-linux"
00:10:40.851769 nspr-2   Finished saving settings file "/home/m/.config/VirtualBox/VirtualBox.xml"
00:10:40.852709 nspr-2   Saving settings file "/home/m/.config/VirtualBox/VirtualBox.xml" with version "1.14-linux"
00:10:40.857260 nspr-2   Finished saving settings file "/home/m/.config/VirtualBox/VirtualBox.xml"
00:10:40.858373 nspr-6   Saving settings file "/home/m/.config/VirtualBox/VirtualBox.xml" with version "1.14-linux"
00:10:40.863140 nspr-6   Finished saving settings file "/home/m/.config/VirtualBox/VirtualBox.xml"
00:10:40.863243 nspr-6   Saving settings file "/home/m/.config/VirtualBox/VirtualBox.xml" with version "1.14-linux"
00:10:40.868104 nspr-6   Finished saving settings file "/home/m/.config/VirtualBox/VirtualBox.xml"
00:10:48.727653 nspr-5   Failed to EnableDynamicIpConfig with vrc=VERR_NOT_IMPLEMENTED
00:11:05.360559 nspr-11  Failed to EnableDynamicIpConfig with vrc=VERR_NOT_IMPLEMENTED
00:11:11.370230 nspr-8   Saving settings file "/home/m/.config/VirtualBox/VirtualBox.xml" with version "1.14-linux"
00:11:11.375619 nspr-8   Finished saving settings file "/home/m/.config/VirtualBox/VirtualBox.xml"
00:11:11.438798 nspr-3   Saving settings file "/home/m/.config/VirtualBox/VirtualBox.xml" with version "1.14-linux"
00:11:11.444358 nspr-3   Finished saving settings file "/home/m/.config/VirtualBox/VirtualBox.xml"
00:11:11.445904 nspr-3   Saving settings file "/home/m/.config/VirtualBox/VirtualBox.xml" with version "1.14-linux"
00:11:11.451496 nspr-3   Finished saving settings file "/home/m/.config/VirtualBox/VirtualBox.xml"
00:11:12.922725 nspr-5   Saving settings file "/home/m/.config/VirtualBox/VirtualBox.xml" with version "1.14-linux"
00:11:12.927557 nspr-5   Finished saving settings file "/home/m/.config/VirtualBox/VirtualBox.xml"
00:11:12.928793 nspr-5   Saving settings file "/home/m/.config/VirtualBox/VirtualBox.xml" with version "1.14-linux"
00:11:12.933370 nspr-5   Finished saving settings file "/home/m/.config/VirtualBox/VirtualBox.xml"
00:11:12.934647 nspr-3   Saving settings file "/home/m/.config/VirtualBox/VirtualBox.xml" with version "1.14-linux"
00:11:12.939190 nspr-3   Finished saving settings file "/home/m/.config/VirtualBox/VirtualBox.xml"
00:11:12.939257 nspr-3   Saving settings file "/home/m/.config/VirtualBox/VirtualBox.xml" with version "1.14-linux"
00:11:12.944005 nspr-3   Finished saving settings file "/home/m/.config/VirtualBox/VirtualBox.xml"
00:11:19.006748 nspr-5   Saving settings file "/home/m/.config/VirtualBox/VirtualBox.xml" with version "1.14-linux"
00:11:19.012836 nspr-5   Finished saving settings file "/home/m/.config/VirtualBox/VirtualBox.xml"
00:11:19.013153 nspr-9   Saving settings file "/home/m/.config/VirtualBox/VirtualBox.xml" with version "1.14-linux"
00:11:19.018801 nspr-9   Finished saving settings file "/home/m/.config/VirtualBox/VirtualBox.xml"
00:11:19.018901 nspr-9   Saving settings file "/home/m/.config/VirtualBox/VirtualBox.xml" with version "1.14-linux"
00:11:19.024693 nspr-9   Finished saving settings file "/home/m/.config/VirtualBox/VirtualBox.xml"
00:11:21.958771 nspr-7   Failed to EnableDynamicIpConfig with vrc=VERR_NOT_IMPLEMENTED
00:11:26.462002 nspr-13  Saving settings file "/home/m/.config/VirtualBox/VirtualBox.xml" with version "1.14-linux"
00:11:26.467027 nspr-13  Finished saving settings file "/home/m/.config/VirtualBox/VirtualBox.xml"
00:11:26.882524 nspr-6   ERROR [COM]: aRC=VBOX_E_INVALID_VM_STATE (0x80bb0002) aIID={300763af-5d6b-46e6-aa96-273eac15538a} aComponent={MachineWrap} aText={The machine is not mutable (state is PoweredOff)}, preserve=false aResultDetail=0
00:11:28.674339 nspr-8   ERROR [COM]: aRC=VBOX_E_OBJECT_NOT_FOUND (0x80bb0001) aIID={5bfd8965-b81b-469f-8649-f717ce97a5d5} aComponent={NvramStoreWrap} aText={The UEFI NVRAM file is not existing for this machine.}, preserve=false aResultDetail=0
00:11:28.840815 nspr-6   ERROR [COM]: aRC=VBOX_E_INVALID_VM_STATE (0x80bb0002) aIID={300763af-5d6b-46e6-aa96-273eac15538a} aComponent={MachineWrap} aText={The machine is not mutable (state is PoweredOff)}, preserve=false aResultDetail=0
00:11:29.091373 nspr-2   Saving settings file "/home/m/.config/VirtualBox/VirtualBox.xml" with version "1.14-linux"
00:11:29.096891 nspr-2   Finished saving settings file "/home/m/.config/VirtualBox/VirtualBox.xml"
00:11:32.477313 nspr-6   Saving settings file "/mnt/shared/vms/kali/kali.vbox" with version "1.19-linux"
00:11:32.614021 nspr-6   Finished saving settings file "/mnt/shared/vms/kali/kali.vbox"
00:11:32.718477 nspr-13  ERROR [COM]: aRC=VBOX_E_INVALID_VM_STATE (0x80bb0002) aIID={300763af-5d6b-46e6-aa96-273eac15538a} aComponent={MachineWrap} aText={The machine is not mutable (state is PoweredOff)}, preserve=false aResultDetail=0
00:11:33.002459 nspr-7   Saving settings file "/home/m/.config/VirtualBox/VirtualBox.xml" with version "1.14-linux"
00:11:33.007237 nspr-7   Finished saving settings file "/home/m/.config/VirtualBox/VirtualBox.xml"
00:11:34.354937 nspr-2   Saving settings file "/home/m/.config/VirtualBox/VirtualBox.xml" with version "1.14-linux"
00:11:34.360815 nspr-2   Finished saving settings file "/home/m/.config/VirtualBox/VirtualBox.xml"
00:11:36.467436 nspr-2   Saving settings file "/home/m/.config/VirtualBox/VirtualBox.xml" with version "1.14-linux"
00:11:36.473761 nspr-2   Finished saving settings file "/home/m/.config/VirtualBox/VirtualBox.xml"
00:11:40.256086 nspr-11  Saving settings file "/home/m/.config/VirtualBox/VirtualBox.xml" with version "1.14-linux"
00:11:40.260902 nspr-11  Finished saving settings file "/home/m/.config/VirtualBox/VirtualBox.xml"
00:11:43.886805 nspr-8   Saving settings file "/home/m/.config/VirtualBox/VirtualBox.xml" with version "1.14-linux"
00:11:43.891605 nspr-8   Finished saving settings file "/home/m/.config/VirtualBox/VirtualBox.xml"
00:11:44.273139 nspr-8   ERROR [COM]: aRC=VBOX_E_INVALID_VM_STATE (0x80bb0002) aIID={300763af-5d6b-46e6-aa96-273eac15538a} aComponent={MachineWrap} aText={The machine is not mutable (state is PoweredOff)}, preserve=false aResultDetail=0
00:11:45.192002 nspr-11  ERROR [COM]: aRC=VBOX_E_INVALID_VM_STATE (0x80bb0002) aIID={300763af-5d6b-46e6-aa96-273eac15538a} aComponent={MachineWrap} aText={The machine is not mutable (state is PoweredOff)}, preserve=false aResultDetail=0
00:11:45.290219 nspr-11  ERROR [COM]: aRC=VBOX_E_INVALID_VM_STATE (0x80bb0002) aIID={300763af-5d6b-46e6-aa96-273eac15538a} aComponent={MachineWrap} aText={The machine is not mutable (state is PoweredOff)}, preserve=false aResultDetail=0
00:11:45.447808 nspr-6   Saving settings file "/home/m/.config/VirtualBox/VirtualBox.xml" with version "1.14-linux"
00:11:45.452615 nspr-6   Finished saving settings file "/home/m/.config/VirtualBox/VirtualBox.xml"
00:11:45.562250 nspr-3   ERROR [COM]: aRC=VBOX_E_INVALID_VM_STATE (0x80bb0002) aIID={300763af-5d6b-46e6-aa96-273eac15538a} aComponent={MachineWrap} aText={The machine is not mutable (state is PoweredOff)}, preserve=false aResultDetail=0
00:11:46.379112 nspr-7   Saving settings file "/home/m/.config/VirtualBox/VirtualBox.xml" with version "1.14-linux"
00:11:46.384867 nspr-7   Finished saving settings file "/home/m/.config/VirtualBox/VirtualBox.xml"
00:11:46.387516 nspr-5   Saving settings file "/home/m/.config/VirtualBox/VirtualBox.xml" with version "1.14-linux"
00:11:46.392966 nspr-5   Finished saving settings file "/home/m/.config/VirtualBox/VirtualBox.xml"
00:11:46.547030 nspr-8   Saving settings file "/home/m/.config/VirtualBox/VirtualBox.xml" with version "1.14-linux"
00:11:46.548594 nspr-10  Saving settings file "/mnt/shared/vms/New group/win/win.vbox" with version "1.19-linux"
00:11:46.555266 nspr-8   Finished saving settings file "/home/m/.config/VirtualBox/VirtualBox.xml"
00:11:46.780072 nspr-10  Finished saving settings file "/mnt/shared/vms/New group/win/win.vbox"
00:11:46.780323 SaveMediaReg Saving settings file "/mnt/shared/vms/New group/win/win.vbox" with version "1.19-linux"
00:11:46.921735 SaveMediaReg Finished saving settings file "/mnt/shared/vms/New group/win/win.vbox"
00:11:46.921942 nspr-4   Saving settings file "/home/m/.config/VirtualBox/VirtualBox.xml" with version "1.14-linux"
00:11:46.927802 nspr-4   Finished saving settings file "/home/m/.config/VirtualBox/VirtualBox.xml"
00:11:46.927914 nspr-10  Saving settings file "/home/m/.config/VirtualBox/VirtualBox.xml" with version "1.14-linux"
00:11:46.933398 nspr-10  Finished saving settings file "/home/m/.config/VirtualBox/VirtualBox.xml"
00:11:46.938669 nspr-12  Saving settings file "/mnt/shared/vms/New group/mrrobot/mrrobot.vbox" with version "1.19-linux"
00:11:47.097342 nspr-12  Finished saving settings file "/mnt/shared/vms/New group/mrrobot/mrrobot.vbox"
00:11:47.097579 SaveMediaReg Saving settings file "/mnt/shared/vms/New group/mrrobot/mrrobot.vbox" with version "1.19-linux"
00:11:47.222206 SaveMediaReg Finished saving settings file "/mnt/shared/vms/New group/mrrobot/mrrobot.vbox"
00:11:47.222384 nspr-12  Saving settings file "/home/m/.config/VirtualBox/VirtualBox.xml" with version "1.14-linux"
00:11:47.228060 nspr-12  Finished saving settings file "/home/m/.config/VirtualBox/VirtualBox.xml"
00:11:47.321251 nspr-5   ERROR [COM]: aRC=VBOX_E_INVALID_VM_STATE (0x80bb0002) aIID={300763af-5d6b-46e6-aa96-273eac15538a} aComponent={MachineWrap} aText={The machine is not mutable (state is PoweredOff)}, preserve=false aResultDetail=0
00:11:47.419697 nspr-5   ERROR [COM]: aRC=VBOX_E_INVALID_VM_STATE (0x80bb0002) aIID={300763af-5d6b-46e6-aa96-273eac15538a} aComponent={MachineWrap} aText={The machine is not mutable (state is PoweredOff)}, preserve=false aResultDetail=0
00:11:49.168561 nspr-10  Saving settings file "/home/m/.config/VirtualBox/VirtualBox.xml" with version "1.14-linux"
00:11:49.174533 nspr-10  Finished saving settings file "/home/m/.config/VirtualBox/VirtualBox.xml"
00:11:49.287020 nspr-9   ERROR [COM]: aRC=VBOX_E_INVALID_VM_STATE (0x80bb0002) aIID={300763af-5d6b-46e6-aa96-273eac15538a} aComponent={MachineWrap} aText={The machine is not mutable (state is PoweredOff)}, preserve=false aResultDetail=0
00:11:51.557446 nspr-13  Saving settings file "/home/m/.config/VirtualBox/VirtualBox.xml" with version "1.14-linux"
00:11:51.562250 nspr-13  Finished saving settings file "/home/m/.config/VirtualBox/VirtualBox.xml"
00:11:51.564528 nspr-9   Saving settings file "/home/m/.config/VirtualBox/VirtualBox.xml" with version "1.14-linux"
00:11:51.569064 nspr-9   Finished saving settings file "/home/m/.config/VirtualBox/VirtualBox.xml"
00:11:51.688273 nspr-2   ERROR [COM]: aRC=VBOX_E_INVALID_VM_STATE (0x80bb0002) aIID={300763af-5d6b-46e6-aa96-273eac15538a} aComponent={MachineWrap} aText={The machine is not mutable (state is PoweredOff)}, preserve=false aResultDetail=0
00:11:53.274759 nspr-2   ERROR [COM]: aRC=VBOX_E_INVALID_VM_STATE (0x80bb0002) aIID={300763af-5d6b-46e6-aa96-273eac15538a} aComponent={MachineWrap} aText={The machine is not mutable (state is PoweredOff)}, preserve=false aResultDetail=0
00:11:53.362454 nspr-7   ERROR [COM]: aRC=VBOX_E_INVALID_VM_STATE (0x80bb0002) aIID={300763af-5d6b-46e6-aa96-273eac15538a} aComponent={MachineWrap} aText={The machine is not mutable (state is PoweredOff)}, preserve=false aResultDetail=0
00:11:53.708803 nspr-12  Saving settings file "/home/m/.config/VirtualBox/VirtualBox.xml" with version "1.14-linux"
00:11:53.714618 nspr-12  Finished saving settings file "/home/m/.config/VirtualBox/VirtualBox.xml"
00:11:53.793333 nspr-2   ERROR [COM]: aRC=VBOX_E_INVALID_VM_STATE (0x80bb0002) aIID={300763af-5d6b-46e6-aa96-273eac15538a} aComponent={MachineWrap} aText={The machine is not mutable (state is PoweredOff)}, preserve=false aResultDetail=0
00:11:55.240130 nspr-4   Saving settings file "/home/m/.config/VirtualBox/VirtualBox.xml" with version "1.14-linux"
00:11:55.244765 nspr-4   Finished saving settings file "/home/m/.config/VirtualBox/VirtualBox.xml"
00:11:55.247685 nspr-13  Saving settings file "/home/m/.config/VirtualBox/VirtualBox.xml" with version "1.14-linux"
00:11:55.252192 nspr-13  Finished saving settings file "/home/m/.config/VirtualBox/VirtualBox.xml"
00:11:55.329893 nspr-12  Saving settings file "/home/m/.config/VirtualBox/VirtualBox.xml" with version "1.14-linux"
00:11:55.330709 nspr-6   Saving settings file "/mnt/shared/vms/New group/kali/kali.vbox" with version "1.19-linux"
00:11:55.335978 nspr-12  Finished saving settings file "/home/m/.config/VirtualBox/VirtualBox.xml"
00:11:55.505491 nspr-6   Finished saving settings file "/mnt/shared/vms/New group/kali/kali.vbox"
00:11:55.505712 SaveMediaReg Saving settings file "/mnt/shared/vms/New group/kali/kali.vbox" with version "1.19-linux"
00:11:55.630536 SaveMediaReg Finished saving settings file "/mnt/shared/vms/New group/kali/kali.vbox"
00:11:55.630748 nspr-9   Saving settings file "/home/m/.config/VirtualBox/VirtualBox.xml" with version "1.14-linux"
00:11:55.636424 nspr-9   Finished saving settings file "/home/m/.config/VirtualBox/VirtualBox.xml"
00:11:55.636577 nspr-6   Saving settings file "/home/m/.config/VirtualBox/VirtualBox.xml" with version "1.14-linux"
00:11:55.642139 nspr-6   Finished saving settings file "/home/m/.config/VirtualBox/VirtualBox.xml"
00:11:55.691802 nspr-10  ERROR [COM]: aRC=VBOX_E_INVALID_VM_STATE (0x80bb0002) aIID={300763af-5d6b-46e6-aa96-273eac15538a} aComponent={MachineWrap} aText={The machine is not mutable (state is PoweredOff)}, preserve=false aResultDetail=0
00:11:56.395921 nspr-5   Saving settings file "/home/m/.config/VirtualBox/VirtualBox.xml" with version "1.14-linux"
00:11:56.401948 nspr-5   Finished saving settings file "/home/m/.config/VirtualBox/VirtualBox.xml"
00:11:56.618575 nspr-10  ERROR [COM]: aRC=VBOX_E_INVALID_VM_STATE (0x80bb0002) aIID={300763af-5d6b-46e6-aa96-273eac15538a} aComponent={MachineWrap} aText={The machine is not mutable (state is PoweredOff)}, preserve=false aResultDetail=0
00:11:56.713780 nspr-5   ERROR [COM]: aRC=VBOX_E_INVALID_VM_STATE (0x80bb0002) aIID={300763af-5d6b-46e6-aa96-273eac15538a} aComponent={MachineWrap} aText={The machine is not mutable (state is PoweredOff)}, preserve=false aResultDetail=0
00:11:56.808149 nspr-13  ERROR [COM]: aRC=VBOX_E_INVALID_VM_STATE (0x80bb0002) aIID={300763af-5d6b-46e6-aa96-273eac15538a} aComponent={MachineWrap} aText={The machine is not mutable (state is PoweredOff)}, preserve=false aResultDetail=0
00:11:57.126660 nspr-10  Saving settings file "/home/m/.config/VirtualBox/VirtualBox.xml" with version "1.14-linux"
00:11:57.131333 nspr-10  Finished saving settings file "/home/m/.config/VirtualBox/VirtualBox.xml"
00:11:57.219762 nspr-5   ERROR [COM]: aRC=VBOX_E_INVALID_VM_STATE (0x80bb0002) aIID={300763af-5d6b-46e6-aa96-273eac15538a} aComponent={MachineWrap} aText={The machine is not mutable (state is PoweredOff)}, preserve=false aResultDetail=0
00:11:57.787482 nspr-12  Saving settings file "/home/m/.config/VirtualBox/VirtualBox.xml" with version "1.14-linux"
00:11:57.792123 nspr-12  Finished saving settings file "/home/m/.config/VirtualBox/VirtualBox.xml"
00:11:57.794539 nspr-10  Saving settings file "/home/m/.config/VirtualBox/VirtualBox.xml" with version "1.14-linux"
00:11:57.799280 nspr-10  Finished saving settings file "/home/m/.config/VirtualBox/VirtualBox.xml"
00:11:57.960062 nspr-2   Saving settings file "/home/m/.config/VirtualBox/VirtualBox.xml" with version "1.14-linux"
00:11:57.961636 nspr-9   Saving settings file "/mnt/shared/vms/New group 2/win/win.vbox" with version "1.19-linux"
00:11:57.966026 nspr-2   Finished saving settings file "/home/m/.config/VirtualBox/VirtualBox.xml"
00:11:58.155503 nspr-9   Finished saving settings file "/mnt/shared/vms/New group 2/win/win.vbox"
00:11:58.155727 SaveMediaReg Saving settings file "/mnt/shared/vms/New group 2/win/win.vbox" with version "1.19-linux"
00:11:58.288864 SaveMediaReg Finished saving settings file "/mnt/shared/vms/New group 2/win/win.vbox"
00:11:58.289057 nspr-11  Saving settings file "/home/m/.config/VirtualBox/VirtualBox.xml" with version "1.14-linux"
00:11:58.294678 nspr-11  Finished saving settings file "/home/m/.config/VirtualBox/VirtualBox.xml"
00:11:58.294817 nspr-9   Saving settings file "/home/m/.config/VirtualBox/VirtualBox.xml" with version "1.14-linux"
00:11:58.300624 nspr-9   Finished saving settings file "/home/m/.config/VirtualBox/VirtualBox.xml"
00:11:58.302946 nspr-6   Saving settings file "/home/m/.config/VirtualBox/VirtualBox.xml" with version "1.14-linux"
00:11:58.305836 nspr-5   Saving settings file "/mnt/shared/vms/New group 2/remnux/remnux.vbox" with version "1.19-linux"
00:11:58.309974 nspr-6   Finished saving settings file "/home/m/.config/VirtualBox/VirtualBox.xml"
00:11:58.463310 nspr-5   Finished saving settings file "/mnt/shared/vms/New group 2/remnux/remnux.vbox"
00:11:58.463522 SaveMediaReg Saving settings file "/home/m/.config/VirtualBox/VirtualBox.xml" with version "1.14-linux"
00:11:58.468294 SaveMediaReg Finished saving settings file "/home/m/.config/VirtualBox/VirtualBox.xml"
00:11:58.468485 nspr-5   Saving settings file "/home/m/.config/VirtualBox/VirtualBox.xml" with version "1.14-linux"
00:11:58.473302 nspr-5   Finished saving settings file "/home/m/.config/VirtualBox/VirtualBox.xml"
00:11:58.614843 nspr-4   ERROR [COM]: aRC=VBOX_E_INVALID_VM_STATE (0x80bb0002) aIID={300763af-5d6b-46e6-aa96-273eac15538a} aComponent={MachineWrap} aText={The machine is not mutable (state is PoweredOff)}, preserve=false aResultDetail=0
00:11:58.691439 nspr-4   Saving settings file "/home/m/.config/VirtualBox/VirtualBox.xml" with version "1.14-linux"
00:11:58.696178 nspr-4   Finished saving settings file "/home/m/.config/VirtualBox/VirtualBox.xml"
00:11:58.859851 nspr-13  ERROR [COM]: aRC=VBOX_E_INVALID_VM_STATE (0x80bb0002) aIID={300763af-5d6b-46e6-aa96-273eac15538a} aComponent={MachineWrap} aText={The machine is not mutable (state is PoweredOff)}, preserve=false aResultDetail=0
00:11:58.872236 nspr-7   ERROR [COM]: aRC=VBOX_E_INVALID_VM_STATE (0x80bb0002) aIID={300763af-5d6b-46e6-aa96-273eac15538a} aComponent={MachineWrap} aText={The machine is not mutable (state is PoweredOff)}, preserve=false aResultDetail=0
00:11:59.559132 nspr-4   Saving settings file "/home/m/.config/VirtualBox/VirtualBox.xml" with version "1.14-linux"
00:11:59.563795 nspr-4   Finished saving settings file "/home/m/.config/VirtualBox/VirtualBox.xml"
00:11:59.571465 nspr-12  ERROR [COM]: aRC=VBOX_E_INVALID_VM_STATE (0x80bb0002) aIID={300763af-5d6b-46e6-aa96-273eac15538a} aComponent={MachineWrap} aText={The machine is not mutable (state is PoweredOff)}, preserve=false aResultDetail=0
00:11:59.578252 nspr-13  ERROR [COM]: aRC=VBOX_E_INVALID_VM_STATE (0x80bb0002) aIID={300763af-5d6b-46e6-aa96-273eac15538a} aComponent={MachineWrap} aText={The machine is not mutable (state is PoweredOff)}, preserve=false aResultDetail=0
00:12:00.383916 nspr-12  Saving settings file "/home/m/.config/VirtualBox/VirtualBox.xml" with version "1.14-linux"
00:12:00.388720 nspr-12  Finished saving settings file "/home/m/.config/VirtualBox/VirtualBox.xml"
00:12:00.397469 nspr-3   ERROR [COM]: aRC=VBOX_E_INVALID_VM_STATE (0x80bb0002) aIID={300763af-5d6b-46e6-aa96-273eac15538a} aComponent={MachineWrap} aText={The machine is not mutable (state is PoweredOff)}, preserve=false aResultDetail=0
00:12:00.406975 nspr-9   ERROR [COM]: aRC=VBOX_E_INVALID_VM_STATE (0x80bb0002) aIID={300763af-5d6b-46e6-aa96-273eac15538a} aComponent={MachineWrap} aText={The machine is not mutable (state is PoweredOff)}, preserve=false aResultDetail=0
00:12:08.688513 nspr-11  Saving settings file "/home/m/.config/VirtualBox/VirtualBox.xml" with version "1.14-linux"
00:12:08.689964 nspr-13  Saving settings file "/mnt/shared/vms/vulnhub/mrrobot/mrrobot.vbox" with version "1.19-linux"
00:12:08.695721 nspr-11  Finished saving settings file "/home/m/.config/VirtualBox/VirtualBox.xml"
00:12:08.943977 nspr-13  Finished saving settings file "/mnt/shared/vms/vulnhub/mrrobot/mrrobot.vbox"
00:12:08.944220 SaveMediaReg Saving settings file "/mnt/shared/vms/vulnhub/mrrobot/mrrobot.vbox" with version "1.19-linux"
00:12:09.065615 SaveMediaReg Finished saving settings file "/mnt/shared/vms/vulnhub/mrrobot/mrrobot.vbox"
00:12:09.065800 nspr-9   Saving settings file "/home/m/.config/VirtualBox/VirtualBox.xml" with version "1.14-linux"
00:12:09.071603 nspr-9   Finished saving settings file "/home/m/.config/VirtualBox/VirtualBox.xml"
00:12:09.071729 nspr-13  Saving settings file "/home/m/.config/VirtualBox/VirtualBox.xml" with version "1.14-linux"
00:12:09.077260 nspr-13  Finished saving settings file "/home/m/.config/VirtualBox/VirtualBox.xml"
00:12:09.078706 nspr-3   Saving settings file "/home/m/.config/VirtualBox/VirtualBox.xml" with version "1.14-linux"
00:12:09.080657 nspr-5   Saving settings file "/mnt/shared/vms/vulnhub/kali/kali.vbox" with version "1.19-linux"
00:12:09.086222 nspr-3   Finished saving settings file "/home/m/.config/VirtualBox/VirtualBox.xml"
00:12:09.267966 nspr-5   Finished saving settings file "/mnt/shared/vms/vulnhub/kali/kali.vbox"
00:12:09.268201 SaveMediaReg Saving settings file "/mnt/shared/vms/vulnhub/kali/kali.vbox" with version "1.19-linux"
00:12:09.409613 SaveMediaReg Finished saving settings file "/mnt/shared/vms/vulnhub/kali/kali.vbox"
00:12:09.409792 nspr-5   Saving settings file "/home/m/.config/VirtualBox/VirtualBox.xml" with version "1.14-linux"
00:12:09.415512 nspr-5   Finished saving settings file "/home/m/.config/VirtualBox/VirtualBox.xml"
00:12:09.525385 nspr-3   ERROR [COM]: aRC=VBOX_E_INVALID_VM_STATE (0x80bb0002) aIID={300763af-5d6b-46e6-aa96-273eac15538a} aComponent={MachineWrap} aText={The machine is not mutable (state is PoweredOff)}, preserve=false aResultDetail=0
00:12:09.530646 nspr-11  ERROR [COM]: aRC=VBOX_E_INVALID_VM_STATE (0x80bb0002) aIID={300763af-5d6b-46e6-aa96-273eac15538a} aComponent={MachineWrap} aText={The machine is not mutable (state is PoweredOff)}, preserve=false aResultDetail=0
00:12:13.848139 nspr-13  Saving settings file "/home/m/.config/VirtualBox/VirtualBox.xml" with version "1.14-linux"
00:12:13.853957 nspr-13  Finished saving settings file "/home/m/.config/VirtualBox/VirtualBox.xml"
00:12:13.858006 nspr-2   Launched VM: 1745214464 pid: 102303 (0x18f9f) frontend: GUI/Qt name: mrrobot
00:12:13.861720 nspr-7   Launched VM: 1677744240 pid: 102305 (0x18fa1) frontend: GUI/Qt name: kali
00:12:13.912429 nspr-9   ERROR [COM]: aRC=VBOX_E_INVALID_VM_STATE (0x80bb0002) aIID={300763af-5d6b-46e6-aa96-273eac15538a} aComponent={MachineWrap} aText={The machine is not mutable (state is PoweredOff)}, preserve=false aResultDetail=0
00:12:13.916470 nspr-4   ERROR [COM]: aRC=VBOX_E_INVALID_VM_STATE (0x80bb0002) aIID={300763af-5d6b-46e6-aa96-273eac15538a} aComponent={MachineWrap} aText={The machine is not mutable (state is PoweredOff)}, preserve=false aResultDetail=0
00:12:14.156205 nspr-9   ERROR [COM]: aRC=VBOX_E_INVALID_VM_STATE (0x80bb0002) aIID={300763af-5d6b-46e6-aa96-273eac15538a} aComponent={MachineWrap} aText={The machine is not mutable (state is PoweredOff)}, preserve=false aResultDetail=0
00:12:14.164457 nspr-9   ERROR [COM]: aRC=VBOX_E_INVALID_VM_STATE (0x80bb0002) aIID={300763af-5d6b-46e6-aa96-273eac15538a} aComponent={MachineWrap} aText={The machine is not mutable (state is PoweredOff)}, preserve=false aResultDetail=0
00:12:14.404513 nspr-4   Saving settings file "/home/m/.config/VirtualBox/VirtualBox.xml" with version "1.14-linux"
00:12:14.410504 nspr-4   Finished saving settings file "/home/m/.config/VirtualBox/VirtualBox.xml"
00:12:14.676765 nspr-11  Load [/usr/lib/virtualbox/ExtensionPacks/Oracle_VM_VirtualBox_Extension_Pack/linux.amd64/VBoxHostWebcam.so] vrc=VINF_SUCCESS
00:12:14.695707 nspr-11  Load [/usr/lib/virtualbox/ExtensionPacks/Oracle_VM_VirtualBox_Extension_Pack/linux.amd64/VBoxHostWebcam.so] vrc=VINF_SUCCESS
00:12:14.741007 nspr-12  ERROR [COM]: aRC=VBOX_E_IPRT_ERROR (0x80bb0005) aIID={300763af-5d6b-46e6-aa96-273eac15538a} aComponent={SessionMachine} aText={Saved screenshot data is not available (VERR_NOT_SUPPORTED)}, preserve=false aResultDetail=-37
00:12:14.765197 nspr-6   ERROR [COM]: aRC=VBOX_E_IPRT_ERROR (0x80bb0005) aIID={300763af-5d6b-46e6-aa96-273eac15538a} aComponent={SessionMachine} aText={Saved screenshot data is not available (VERR_NOT_SUPPORTED)}, preserve=false aResultDetail=-37
00:12:14.953772 nspr-9   NetIfAdpCtl: failed to create process for /usr/lib/virtualbox/VBoxNetAdpCtl: iStats=38 enmReason=1
00:12:14.953792 nspr-9   Failed to EnableStaticIpConfig with vrc=VERR_ACCESS_DENIED
00:12:14.958626 nspr-6   NetworkServiceRunning: started 'VBoxNetDHCP', pid 00018fec
00:12:15.040369 nspr-13  NetIfAdpCtl: failed to create process for /usr/lib/virtualbox/VBoxNetAdpCtl: iStats=38 enmReason=1
00:12:15.040389 nspr-13  Failed to EnableStaticIpConfig with vrc=VERR_ACCESS_DENIED
00:12:15.042544 nspr-13  ERROR [COM]: aRC=VBOX_E_OBJECT_IN_USE (0x80bb000c) aIID={cadef0a2-a1a9-4ac2-8e80-c049af69dac8} aComponent={DHCPServerWrap} aText={Cannot start DHCP server because it is already running (pid 00018fec)}, preserve=false aResultDetail=-51
00:12:15.107382 nspr-13  ERROR [COM]: aRC=VBOX_E_OBJECT_NOT_FOUND (0x80bb0001) aIID={ad47ad09-787b-44ab-b343-a082a3f2dfb1} aComponent={MediumWrap} aText={Property 'CRYPT/KeyId' does not exist}, preserve=false aResultDetail=0
00:12:15.226334 nspr-5   ERROR [COM]: aRC=VBOX_E_OBJECT_NOT_FOUND (0x80bb0001) aIID={ad47ad09-787b-44ab-b343-a082a3f2dfb1} aComponent={MediumWrap} aText={Property 'CRYPT/KeyId' does not exist}, preserve=false aResultDetail=0
00:12:15.408367 nspr-3   Saving settings file "/mnt/shared/vms/vulnhub/kali/kali.vbox" with version "1.19-linux"
00:12:15.410818 nspr-5   Saving settings file "/mnt/shared/vms/vulnhub/mrrobot/mrrobot.vbox" with version "1.19-linux"
00:12:15.584735 nspr-3   Finished saving settings file "/mnt/shared/vms/vulnhub/kali/kali.vbox"
00:12:15.640567 nspr-5   Finished saving settings file "/mnt/shared/vms/vulnhub/mrrobot/mrrobot.vbox"
00:12:16.381247 nspr-5   Saving settings file "/home/m/.config/VirtualBox/VirtualBox.xml" with version "1.14-linux"
00:12:16.388948 nspr-5   Finished saving settings file "/home/m/.config/VirtualBox/VirtualBox.xml"
00:12:16.405549 nspr-3   Saving settings file "/home/m/.config/VirtualBox/VirtualBox.xml" with version "1.14-linux"
00:12:16.410107 nspr-3   Finished saving settings file "/home/m/.config/VirtualBox/VirtualBox.xml"
00:12:16.578075 nspr-2   ERROR [COM]: aRC=VBOX_E_INVALID_VM_STATE (0x80bb0002) aIID={300763af-5d6b-46e6-aa96-273eac15538a} aComponent={MachineWrap} aText={The machine is not mutable (state is PoweredOff)}, preserve=false aResultDetail=0
00:12:16.591442 nspr-2   ERROR [COM]: aRC=VBOX_E_INVALID_VM_STATE (0x80bb0002) aIID={300763af-5d6b-46e6-aa96-273eac15538a} aComponent={MachineWrap} aText={The machine is not mutable (state is PoweredOff)}, preserve=false aResultDetail=0
00:12:18.119935 nspr-3   Saving settings file "/mnt/shared/vms/vulnhub/kali/kali.vbox" with version "1.19-linux"
00:12:18.200874 nspr-4   Saving settings file "/mnt/shared/vms/vulnhub/mrrobot/mrrobot.vbox" with version "1.19-linux"
00:12:18.284616 nspr-3   Finished saving settings file "/mnt/shared/vms/vulnhub/kali/kali.vbox"
00:12:18.382204 nspr-4   Finished saving settings file "/mnt/shared/vms/vulnhub/mrrobot/mrrobot.vbox"
00:12:18.382478 nspr-7   Saving settings file "/home/m/.config/VirtualBox/VirtualBox.xml" with version "1.14-linux"
00:12:18.387252 nspr-7   Finished saving settings file "/home/m/.config/VirtualBox/VirtualBox.xml"
00:12:25.674535 nspr-13  Saving settings file "/home/m/.config/VirtualBox/VirtualBox.xml" with version "1.14-linux"
00:12:25.679371 nspr-13  Finished saving settings file "/home/m/.config/VirtualBox/VirtualBox.xml"
00:12:25.958822 nspr-13  ERROR [COM]: aRC=VBOX_E_INVALID_VM_STATE (0x80bb0002) aIID={300763af-5d6b-46e6-aa96-273eac15538a} aComponent={MachineWrap} aText={The machine is not mutable (state is Running)}, preserve=false aResultDetail=0
00:12:29.008660 nspr-2   Saving settings file "/home/m/.config/VirtualBox/VirtualBox.xml" with version "1.14-linux"
00:12:29.013130 nspr-13  Saving settings file "/mnt/shared/vms/vulnhub/mrrobot/mrrobot.vbox" with version "1.19-linux"
00:12:29.013545 nspr-2   Finished saving settings file "/home/m/.config/VirtualBox/VirtualBox.xml"
00:12:29.017191 nspr-11  Saving settings file "/mnt/shared/vms/vulnhub/kali/kali.vbox" with version "1.19-linux"
00:12:29.298851 nspr-13  Finished saving settings file "/mnt/shared/vms/vulnhub/mrrobot/mrrobot.vbox"
00:12:29.355430 nspr-11  Finished saving settings file "/mnt/shared/vms/vulnhub/kali/kali.vbox"
00:12:29.388600 nspr-5   ERROR [COM]: aRC=VBOX_E_INVALID_VM_STATE (0x80bb0002) aIID={300763af-5d6b-46e6-aa96-273eac15538a} aComponent={MachineWrap} aText={The machine is not mutable (state is Running)}, preserve=false aResultDetail=0
00:12:32.872756 nspr-9   Saving settings file "/mnt/shared/vms/vulnhub/mrrobot/mrrobot.vbox" with version "1.19-linux"
00:12:32.875687 nspr-5   Saving settings file "/mnt/shared/vms/vulnhub/kali/kali.vbox" with version "1.19-linux"
00:12:33.082203 nspr-9   Finished saving settings file "/mnt/shared/vms/vulnhub/mrrobot/mrrobot.vbox"
00:12:33.122061 nspr-5   Finished saving settings file "/mnt/shared/vms/vulnhub/kali/kali.vbox"
00:12:33.164888 nspr-12  ERROR [COM]: aRC=VBOX_E_INVALID_VM_STATE (0x80bb0002) aIID={300763af-5d6b-46e6-aa96-273eac15538a} aComponent={MachineWrap} aText={The machine is not mutable (state is Running)}, preserve=false aResultDetail=0
00:13:36.168164 nspr-7   ERROR [COM]: aRC=VBOX_E_INVALID_VM_STATE (0x80bb0002) aIID={300763af-5d6b-46e6-aa96-273eac15538a} aComponent={MachineWrap} aText={The machine is not mutable (state is Running)}, preserve=false aResultDetail=0
00:13:36.772481 nspr-3   ERROR [COM]: aRC=VBOX_E_INVALID_VM_STATE (0x80bb0002) aIID={300763af-5d6b-46e6-aa96-273eac15538a} aComponent={MachineWrap} aText={The machine is not mutable (state is Running)}, preserve=false aResultDetail=0
00:14:09.511494 nspr-5   Saving settings file "/mnt/shared/vms/vulnhub/kali/kali.vbox" with version "1.19-linux"
00:14:09.514472 nspr-3   Saving settings file "/mnt/shared/vms/vulnhub/mrrobot/mrrobot.vbox" with version "1.19-linux"
00:14:09.742729 nspr-5   Finished saving settings file "/mnt/shared/vms/vulnhub/kali/kali.vbox"
00:14:09.751154 nspr-7   Saving settings file "/mnt/shared/vms/vulnhub/kali/kali.vbox" with version "1.19-linux"
00:14:09.782017 nspr-3   Finished saving settings file "/mnt/shared/vms/vulnhub/mrrobot/mrrobot.vbox"
00:14:09.917733 nspr-7   Finished saving settings file "/mnt/shared/vms/vulnhub/kali/kali.vbox"
00:14:10.034201 nspr-11  ERROR [COM]: aRC=VBOX_E_INVALID_VM_STATE (0x80bb0002) aIID={300763af-5d6b-46e6-aa96-273eac15538a} aComponent={MachineWrap} aText={The machine is not mutable (state is Running)}, preserve=false aResultDetail=0
00:14:10.226223 nspr-11  Saving settings file "/mnt/shared/vms/vulnhub/kali/kali.vbox" with version "1.19-linux"
00:14:10.273226 nspr-13  Saving settings file "/mnt/shared/vms/vulnhub/mrrobot/mrrobot.vbox" with version "1.19-linux"
00:14:10.413838 nspr-11  Finished saving settings file "/mnt/shared/vms/vulnhub/kali/kali.vbox"
00:14:10.427317 nspr-4   Saving settings file "/mnt/shared/vms/vulnhub/kali/kali.vbox" with version "1.19-linux"
00:14:10.468777 nspr-13  Finished saving settings file "/mnt/shared/vms/vulnhub/mrrobot/mrrobot.vbox"
00:14:10.555268 nspr-11  ERROR [COM]: aRC=VBOX_E_INVALID_VM_STATE (0x80bb0002) aIID={300763af-5d6b-46e6-aa96-273eac15538a} aComponent={MachineWrap} aText={The machine is not mutable (state is Running)}, preserve=false aResultDetail=0
00:14:10.601079 nspr-4   Finished saving settings file "/mnt/shared/vms/vulnhub/kali/kali.vbox"
00:17:24.527641 nspr-8   Load [/usr/lib/virtualbox/ExtensionPacks/Oracle_VM_VirtualBox_Extension_Pack/linux.amd64/VBoxHostWebcam.so] vrc=VINF_SUCCESS
00:17:32.076998 nspr-9   Load [/usr/lib/virtualbox/ExtensionPacks/Oracle_VM_VirtualBox_Extension_Pack/linux.amd64/VBoxHostWebcam.so] vrc=VINF_SUCCESS
00:17:42.312192 nspr-9   Saving settings file "/home/m/.config/VirtualBox/VirtualBox.xml" with version "1.14-linux"
00:17:42.318099 nspr-9   Finished saving settings file "/home/m/.config/VirtualBox/VirtualBox.xml"
00:17:44.332061 nspr-6   Saving settings file "/home/m/.config/VirtualBox/VirtualBox.xml" with version "1.14-linux"
00:17:44.338035 nspr-6   Finished saving settings file "/home/m/.config/VirtualBox/VirtualBox.xml"
00:17:44.487458 nspr-12  ERROR [COM]: aRC=VBOX_E_INVALID_VM_STATE (0x80bb0002) aIID={300763af-5d6b-46e6-aa96-273eac15538a} aComponent={MachineWrap} aText={The machine is not mutable (state is Running)}, preserve=false aResultDetail=0
00:17:46.657571 nspr-7   ERROR [COM]: aRC=VBOX_E_INVALID_VM_STATE (0x80bb0002) aIID={300763af-5d6b-46e6-aa96-273eac15538a} aComponent={SessionMachine} aText={The machine is not mutable (state is Running)}, preserve=false aResultDetail=0
00:17:47.081289 nspr-7   Saving settings file "/home/m/.config/VirtualBox/VirtualBox.xml" with version "1.14-linux"
00:17:47.085905 nspr-7   Finished saving settings file "/home/m/.config/VirtualBox/VirtualBox.xml"
00:17:57.083337 nspr-3   ERROR [COM]: aRC=VBOX_E_INVALID_VM_STATE (0x80bb0002) aIID={300763af-5d6b-46e6-aa96-273eac15538a} aComponent={MachineWrap} aText={The machine is not mutable (state is Stopping)}, preserve=false aResultDetail=0
00:17:57.201852 nspr-9   Saving settings file "/mnt/shared/vms/vulnhub/kali/kali.vbox" with version "1.19-linux"
00:17:57.334465 nspr-9   Finished saving settings file "/mnt/shared/vms/vulnhub/kali/kali.vbox"
00:17:57.435692 nspr-3   ERROR [COM]: aRC=VBOX_E_INVALID_VM_STATE (0x80bb0002) aIID={300763af-5d6b-46e6-aa96-273eac15538a} aComponent={MachineWrap} aText={The machine is not mutable (state is PoweredOff)}, preserve=false aResultDetail=0
00:17:58.725775 nspr-6   ERROR [COM]: aRC=VBOX_E_INVALID_VM_STATE (0x80bb0002) aIID={300763af-5d6b-46e6-aa96-273eac15538a} aComponent={MachineWrap} aText={The machine is not mutable (state is PoweredOff)}, preserve=false aResultDetail=0
00:18:06.028793 nspr-11  Saving settings file "/mnt/shared/vms/vulnhub/kali/kali.vbox" with version "1.19-linux"
00:18:06.176140 nspr-11  Finished saving settings file "/mnt/shared/vms/vulnhub/kali/kali.vbox"
00:18:06.273566 nspr-4   ERROR [COM]: aRC=VBOX_E_INVALID_VM_STATE (0x80bb0002) aIID={300763af-5d6b-46e6-aa96-273eac15538a} aComponent={MachineWrap} aText={The machine is not mutable (state is PoweredOff)}, preserve=false aResultDetail=0
00:18:06.531675 nspr-7   Saving settings file "/home/m/.config/VirtualBox/VirtualBox.xml" with version "1.14-linux"
00:18:06.536518 nspr-7   Finished saving settings file "/home/m/.config/VirtualBox/VirtualBox.xml"
00:18:07.168501 nspr-10  Launched VM: 1861451936 pid: 102690 (0x19122) frontend: GUI/Qt name: kali
00:18:07.190989 nspr-3   ERROR [COM]: aRC=VBOX_E_INVALID_VM_STATE (0x80bb0002) aIID={300763af-5d6b-46e6-aa96-273eac15538a} aComponent={MachineWrap} aText={The machine is not mutable (state is PoweredOff)}, preserve=false aResultDetail=0
00:18:07.397606 nspr-3   ERROR [COM]: aRC=VBOX_E_INVALID_VM_STATE (0x80bb0002) aIID={300763af-5d6b-46e6-aa96-273eac15538a} aComponent={MachineWrap} aText={The machine is not mutable (state is PoweredOff)}, preserve=false aResultDetail=0
00:18:07.678706 nspr-5   Saving settings file "/home/m/.config/VirtualBox/VirtualBox.xml" with version "1.14-linux"
00:18:07.683545 nspr-5   Finished saving settings file "/home/m/.config/VirtualBox/VirtualBox.xml"
00:18:07.918819 nspr-4   Load [/usr/lib/virtualbox/ExtensionPacks/Oracle_VM_VirtualBox_Extension_Pack/linux.amd64/VBoxHostWebcam.so] vrc=VINF_SUCCESS
00:18:07.970778 nspr-2   ERROR [COM]: aRC=VBOX_E_IPRT_ERROR (0x80bb0005) aIID={300763af-5d6b-46e6-aa96-273eac15538a} aComponent={SessionMachine} aText={Saved screenshot data is not available (VERR_NOT_SUPPORTED)}, preserve=false aResultDetail=-37
00:18:08.133891 nspr-6   NetIfAdpCtl: failed to create process for /usr/lib/virtualbox/VBoxNetAdpCtl: iStats=38 enmReason=1
00:18:08.133912 nspr-6   Failed to EnableStaticIpConfig with vrc=VERR_ACCESS_DENIED
00:18:08.134922 nspr-10  ERROR [COM]: aRC=VBOX_E_OBJECT_IN_USE (0x80bb000c) aIID={cadef0a2-a1a9-4ac2-8e80-c049af69dac8} aComponent={DHCPServerWrap} aText={Cannot start DHCP server because it is already running (pid 00018fec)}, preserve=false aResultDetail=-51
00:18:08.262595 nspr-7   ERROR [COM]: aRC=VBOX_E_INVALID_VM_STATE (0x80bb0002) aIID={300763af-5d6b-46e6-aa96-273eac15538a} aComponent={MachineWrap} aText={The machine is not mutable (state is Starting)}, preserve=false aResultDetail=0
00:18:08.288501 nspr-9   ERROR [COM]: aRC=VBOX_E_OBJECT_NOT_FOUND (0x80bb0001) aIID={ad47ad09-787b-44ab-b343-a082a3f2dfb1} aComponent={MediumWrap} aText={Property 'CRYPT/KeyId' does not exist}, preserve=false aResultDetail=0
00:18:08.452290 nspr-13  ERROR [COM]: aRC=VBOX_E_INVALID_VM_STATE (0x80bb0002) aIID={300763af-5d6b-46e6-aa96-273eac15538a} aComponent={MachineWrap} aText={The machine is not mutable (state is Running)}, preserve=false aResultDetail=0
00:18:08.506336 nspr-4   Saving settings file "/mnt/shared/vms/vulnhub/kali/kali.vbox" with version "1.19-linux"
00:18:08.634454 nspr-4   Finished saving settings file "/mnt/shared/vms/vulnhub/kali/kali.vbox"
00:18:08.634675 nspr-10  Saving settings file "/home/m/.config/VirtualBox/VirtualBox.xml" with version "1.14-linux"
00:18:08.640884 nspr-10  Finished saving settings file "/home/m/.config/VirtualBox/VirtualBox.xml"
00:18:08.696373 nspr-10  ERROR [COM]: aRC=VBOX_E_INVALID_VM_STATE (0x80bb0002) aIID={300763af-5d6b-46e6-aa96-273eac15538a} aComponent={MachineWrap} aText={The machine is not mutable (state is Running)}, preserve=false aResultDetail=0
00:18:19.903603 nspr-2   Saving settings file "/home/m/.config/VirtualBox/VirtualBox.xml" with version "1.14-linux"
00:18:19.909549 nspr-2   Finished saving settings file "/home/m/.config/VirtualBox/VirtualBox.xml"
00:18:20.871682 nspr-6   Saving settings file "/mnt/shared/vms/vulnhub/mrrobot/mrrobot.vbox" with version "1.19-linux"
00:18:21.027137 nspr-6   Finished saving settings file "/mnt/shared/vms/vulnhub/mrrobot/mrrobot.vbox"
00:20:15.508221 nspr-7   Saving settings file "/mnt/shared/vms/vulnhub/mrrobot/mrrobot.vbox" with version "1.19-linux"
00:20:15.523355 nspr-6   Saving settings file "/mnt/shared/vms/vulnhub/kali/kali.vbox" with version "1.19-linux"
00:20:15.727339 nspr-7   Finished saving settings file "/mnt/shared/vms/vulnhub/mrrobot/mrrobot.vbox"
00:20:15.784633 nspr-6   Finished saving settings file "/mnt/shared/vms/vulnhub/kali/kali.vbox"
00:20:15.887134 nspr-10  ERROR [COM]: aRC=VBOX_E_INVALID_VM_STATE (0x80bb0002) aIID={300763af-5d6b-46e6-aa96-273eac15538a} aComponent={MachineWrap} aText={The machine is not mutable (state is Running)}, preserve=false aResultDetail=0
00:20:16.020319 nspr-10  Saving settings file "/mnt/shared/vms/vulnhub/mrrobot/mrrobot.vbox" with version "1.19-linux"
00:20:16.105472 nspr-9   Saving settings file "/mnt/shared/vms/vulnhub/kali/kali.vbox" with version "1.19-linux"
00:20:16.148892 nspr-10  Finished saving settings file "/mnt/shared/vms/vulnhub/mrrobot/mrrobot.vbox"
00:20:16.284615 nspr-9   Finished saving settings file "/mnt/shared/vms/vulnhub/kali/kali.vbox"
00:20:16.297971 nspr-4   Saving settings file "/mnt/shared/vms/vulnhub/kali/kali.vbox" with version "1.19-linux"
00:20:16.426313 nspr-4   Finished saving settings file "/mnt/shared/vms/vulnhub/kali/kali.vbox"
00:20:16.577358 nspr-2   ERROR [COM]: aRC=VBOX_E_INVALID_VM_STATE (0x80bb0002) aIID={300763af-5d6b-46e6-aa96-273eac15538a} aComponent={MachineWrap} aText={The machine is not mutable (state is Running)}, preserve=false aResultDetail=0
00:33:45.745368 nspr-5   ERROR [COM]: aRC=VBOX_E_INVALID_VM_STATE (0x80bb0002) aIID={300763af-5d6b-46e6-aa96-273eac15538a} aComponent={MachineWrap} aText={The machine is not mutable (state is Running)}, preserve=false aResultDetail=0
00:33:47.008263 nspr-13  Saving settings file "/mnt/shared/vms/vulnhub/mrrobot/mrrobot.vbox" with version "1.19-linux"
00:33:47.143152 nspr-13  Finished saving settings file "/mnt/shared/vms/vulnhub/mrrobot/mrrobot.vbox"
00:33:47.285642 nspr-5   ERROR [COM]: aRC=VBOX_E_INVALID_VM_STATE (0x80bb0002) aIID={300763af-5d6b-46e6-aa96-273eac15538a} aComponent={MachineWrap} aText={The machine is not mutable (state is Running)}, preserve=false aResultDetail=0
00:33:48.825679 nspr-8   Saving settings file "/mnt/shared/vms/vulnhub/kali/kali.vbox" with version "1.19-linux"
00:33:48.962166 nspr-8   Finished saving settings file "/mnt/shared/vms/vulnhub/kali/kali.vbox"
00:33:48.970239 nspr-5   Saving settings file "/mnt/shared/vms/vulnhub/kali/kali.vbox" with version "1.19-linux"
00:33:49.103866 nspr-5   Finished saving settings file "/mnt/shared/vms/vulnhub/kali/kali.vbox"
00:33:49.273232 nspr-9   ERROR [COM]: aRC=VBOX_E_INVALID_VM_STATE (0x80bb0002) aIID={300763af-5d6b-46e6-aa96-273eac15538a} aComponent={MachineWrap} aText={The machine is not mutable (state is Running)}, preserve=false aResultDetail=0
00:33:51.328913 nspr-6   Saving settings file "/home/m/.config/VirtualBox/VirtualBox.xml" with version "1.14-linux"
00:33:51.333871 nspr-6   Finished saving settings file "/home/m/.config/VirtualBox/VirtualBox.xml"
00:33:51.430219 nspr-10  ERROR [COM]: aRC=VBOX_E_INVALID_VM_STATE (0x80bb0002) aIID={300763af-5d6b-46e6-aa96-273eac15538a} aComponent={MachineWrap} aText={The machine is not mutable (state is PoweredOff)}, preserve=false aResultDetail=0
00:33:54.977283 nspr-4   Saving settings file "/home/m/.config/VirtualBox/VirtualBox.xml" with version "1.14-linux"
00:33:54.982525 nspr-4   Finished saving settings file "/home/m/.config/VirtualBox/VirtualBox.xml"
00:33:54.982613 nspr-4   Saving settings file "/home/m/.config/VirtualBox/VirtualBox.xml" with version "1.14-linux"
00:33:54.987556 nspr-4   Finished saving settings file "/home/m/.config/VirtualBox/VirtualBox.xml"
00:33:54.990550 DeleteVM Saving settings file "/home/m/.config/VirtualBox/VirtualBox.xml" with version "1.14-linux"
00:33:54.995194 DeleteVM Finished saving settings file "/home/m/.config/VirtualBox/VirtualBox.xml"
00:33:54.996598 nspr-11  Saving settings file "/home/m/.config/VirtualBox/VirtualBox.xml" with version "1.14-linux"
00:33:55.001261 nspr-11  Finished saving settings file "/home/m/.config/VirtualBox/VirtualBox.xml"
00:33:55.103273 nspr-13  ERROR [COM]: aRC=VBOX_E_OBJECT_NOT_FOUND (0x80bb0001) aIID={7682d5eb-f00e-44f1-8ca2-99d08b1cd607} aComponent={VirtualBoxWrap} aText={Could not find a registered machine with UUID {a3f7a8bc-5451-4983-9067-5af1f1298ea0}}, preserve=false aResultDetail=0
00:33:55.216885 nspr-2   ERROR [COM]: aRC=VBOX_E_OBJECT_NOT_FOUND (0x80bb0001) aIID={7682d5eb-f00e-44f1-8ca2-99d08b1cd607} aComponent={VirtualBoxWrap} aText={Could not find a registered machine with UUID {a3f7a8bc-5451-4983-9067-5af1f1298ea0}}, preserve=false aResultDetail=0
00:33:55.343822 nspr-13  ERROR [COM]: aRC=VBOX_E_INVALID_VM_STATE (0x80bb0002) aIID={300763af-5d6b-46e6-aa96-273eac15538a} aComponent={MachineWrap} aText={The machine is not mutable (state is Running)}, preserve=false aResultDetail=0
00:33:57.740413 nspr-13  Saving settings file "/home/m/.config/VirtualBox/VirtualBox.xml" with version "1.14-linux"
00:33:57.746409 nspr-13  Finished saving settings file "/home/m/.config/VirtualBox/VirtualBox.xml"
00:33:57.861936 nspr-8   ERROR [COM]: aRC=VBOX_E_INVALID_VM_STATE (0x80bb0002) aIID={300763af-5d6b-46e6-aa96-273eac15538a} aComponent={MachineWrap} aText={The machine is not mutable (state is Running)}, preserve=false aResultDetail=0
00:33:58.045855 nspr-5   Saving settings file "/home/m/.config/VirtualBox/VirtualBox.xml" with version "1.14-linux"
00:33:58.051587 nspr-5   Finished saving settings file "/home/m/.config/VirtualBox/VirtualBox.xml"
00:34:00.564850 nspr-3   Saving settings file "/home/m/.config/VirtualBox/VirtualBox.xml" with version "1.14-linux"
00:34:00.569630 nspr-3   Finished saving settings file "/home/m/.config/VirtualBox/VirtualBox.xml"
00:35:57.332541 nspr-11  ERROR [COM]: aRC=VBOX_E_OBJECT_NOT_FOUND (0x80bb0001) aIID={7682d5eb-f00e-44f1-8ca2-99d08b1cd607} aComponent={VirtualBoxWrap} aText={Could not find a registered machine named 'vm'}, preserve=false aResultDetail=0
00:35:57.332761 nspr-11  ERROR [COM]: aRC=VBOX_E_FILE_ERROR (0x80bb0004) aIID={ad47ad09-787b-44ab-b343-a082a3f2dfb1} aComponent={MediumWrap} aText={Could not find file for the medium '/mnt/shared/vms/vm/mrRobot-disk1.vmdk' (VERR_FILE_NOT_FOUND)}, preserve=false aResultDetail=-102
00:36:10.233338 ApplImp  Saving settings file "/mnt/shared/vms/mrrobot/mrrobot.vbox" with version "1.19-linux"
00:36:10.361087 ApplImp  Finished saving settings file "/mnt/shared/vms/mrrobot/mrrobot.vbox"
00:36:10.361245 ApplImp  Saving settings file "/home/m/.config/VirtualBox/VirtualBox.xml" with version "1.14-linux"
00:36:10.370770 ApplImp  Finished saving settings file "/home/m/.config/VirtualBox/VirtualBox.xml"
00:36:10.371004 ApplImp  Saving settings file "/mnt/shared/vms/mrrobot/mrrobot.vbox" with version "1.19-linux"
00:36:10.469412 ApplImp  Finished saving settings file "/mnt/shared/vms/mrrobot/mrrobot.vbox"
00:36:10.486982 nspr-11  Saving settings file "/home/m/.config/VirtualBox/VirtualBox.xml" with version "1.14-linux"
00:36:10.499325 nspr-11  Finished saving settings file "/home/m/.config/VirtualBox/VirtualBox.xml"
00:36:10.543813 nspr-11  Saving settings file "/home/m/.config/VirtualBox/VirtualBox.xml" with version "1.14-linux"
00:36:10.549717 nspr-11  Finished saving settings file "/home/m/.config/VirtualBox/VirtualBox.xml"
00:36:10.552174 nspr-9   Saving settings file "/home/m/.config/VirtualBox/VirtualBox.xml" with version "1.14-linux"
00:36:10.554862 nspr-11  ERROR [COM]: aRC=VBOX_E_INVALID_VM_STATE (0x80bb0002) aIID={300763af-5d6b-46e6-aa96-273eac15538a} aComponent={MachineWrap} aText={The machine is not mutable (state is Running)}, preserve=false aResultDetail=0
00:36:10.558696 nspr-9   Finished saving settings file "/home/m/.config/VirtualBox/VirtualBox.xml"
00:36:11.002409 nspr-12  ERROR [COM]: aRC=VBOX_E_INVALID_VM_STATE (0x80bb0002) aIID={300763af-5d6b-46e6-aa96-273eac15538a} aComponent={MachineWrap} aText={The machine is not mutable (state is PoweredOff)}, preserve=false aResultDetail=0
00:36:16.929467 nspr-8   ERROR [COM]: aRC=VBOX_E_OBJECT_NOT_FOUND (0x80bb0001) aIID={5bfd8965-b81b-469f-8649-f717ce97a5d5} aComponent={NvramStoreWrap} aText={The UEFI NVRAM file is not existing for this machine.}, preserve=false aResultDetail=0
00:36:17.302526 nspr-2   Saving settings file "/home/m/.config/VirtualBox/VirtualBox.xml" with version "1.14-linux"
00:36:17.308697 nspr-2   Finished saving settings file "/home/m/.config/VirtualBox/VirtualBox.xml"
00:36:22.434665 nspr-13  Saving settings file "/mnt/shared/vms/mrrobot/mrrobot.vbox" with version "1.19-linux"
00:36:23.317602 nspr-13  Finished saving settings file "/mnt/shared/vms/mrrobot/mrrobot.vbox"
00:36:23.422348 nspr-6   ERROR [COM]: aRC=VBOX_E_INVALID_VM_STATE (0x80bb0002) aIID={300763af-5d6b-46e6-aa96-273eac15538a} aComponent={MachineWrap} aText={The machine is not mutable (state is PoweredOff)}, preserve=false aResultDetail=0
00:36:23.702848 nspr-6   Saving settings file "/home/m/.config/VirtualBox/VirtualBox.xml" with version "1.14-linux"
00:36:23.707994 nspr-6   Finished saving settings file "/home/m/.config/VirtualBox/VirtualBox.xml"
00:36:33.391931 nspr-10  ERROR [COM]: aRC=VBOX_E_OBJECT_NOT_FOUND (0x80bb0001) aIID={5bfd8965-b81b-469f-8649-f717ce97a5d5} aComponent={NvramStoreWrap} aText={The UEFI NVRAM file is not existing for this machine.}, preserve=false aResultDetail=0
00:36:33.787789 nspr-2   Saving settings file "/home/m/.config/VirtualBox/VirtualBox.xml" with version "1.14-linux"
00:36:33.793863 nspr-2   Finished saving settings file "/home/m/.config/VirtualBox/VirtualBox.xml"
00:36:36.586335 nspr-5   Saving settings file "/mnt/shared/vms/mrrobot/mrrobot.vbox" with version "1.19-linux"
00:36:38.492107 nspr-5   Finished saving settings file "/mnt/shared/vms/mrrobot/mrrobot.vbox"
00:36:38.599298 nspr-12  ERROR [COM]: aRC=VBOX_E_INVALID_VM_STATE (0x80bb0002) aIID={300763af-5d6b-46e6-aa96-273eac15538a} aComponent={MachineWrap} aText={The machine is not mutable (state is PoweredOff)}, preserve=false aResultDetail=0
00:36:38.891736 nspr-5   Saving settings file "/home/m/.config/VirtualBox/VirtualBox.xml" with version "1.14-linux"
00:36:38.898630 nspr-5   Finished saving settings file "/home/m/.config/VirtualBox/VirtualBox.xml"
00:36:40.860142 createImport Saving settings file "/home/m/.config/VirtualBox/VirtualBox.xml" with version "1.14-linux"
00:36:40.866391 createImport Finished saving settings file "/home/m/.config/VirtualBox/VirtualBox.xml"
00:36:40.866636 ApplImp  Saving settings file "/mnt/shared/vms/mrrobot/mrrobot.vbox" with version "1.19-linux"
00:36:41.017030 ApplImp  Finished saving settings file "/mnt/shared/vms/mrrobot/mrrobot.vbox"
00:36:41.088003 nspr-13  ERROR [COM]: aRC=VBOX_E_INVALID_VM_STATE (0x80bb0002) aIID={300763af-5d6b-46e6-aa96-273eac15538a} aComponent={MachineWrap} aText={The machine is not mutable (state is PoweredOff)}, preserve=false aResultDetail=0
00:36:42.641724 nspr-12  Launched VM: 1677742752 pid: 103806 (0x1957e) frontend: GUI/Qt name: mrrobot
00:36:42.666297 nspr-13  ERROR [COM]: aRC=VBOX_E_INVALID_VM_STATE (0x80bb0002) aIID={300763af-5d6b-46e6-aa96-273eac15538a} aComponent={MachineWrap} aText={The machine is not mutable (state is PoweredOff)}, preserve=false aResultDetail=0
00:36:42.878486 nspr-11  ERROR [COM]: aRC=VBOX_E_INVALID_VM_STATE (0x80bb0002) aIID={300763af-5d6b-46e6-aa96-273eac15538a} aComponent={MachineWrap} aText={The machine is not mutable (state is PoweredOff)}, preserve=false aResultDetail=0
00:36:43.105613 nspr-6   Saving settings file "/home/m/.config/VirtualBox/VirtualBox.xml" with version "1.14-linux"
00:36:43.110504 nspr-6   Finished saving settings file "/home/m/.config/VirtualBox/VirtualBox.xml"
00:36:43.388787 nspr-6   Load [/usr/lib/virtualbox/ExtensionPacks/Oracle_VM_VirtualBox_Extension_Pack/linux.amd64/VBoxHostWebcam.so] vrc=VINF_SUCCESS
00:36:43.438768 nspr-11  ERROR [COM]: aRC=VBOX_E_IPRT_ERROR (0x80bb0005) aIID={300763af-5d6b-46e6-aa96-273eac15538a} aComponent={SessionMachine} aText={Saved screenshot data is not available (VERR_NOT_SUPPORTED)}, preserve=false aResultDetail=-37
00:36:43.598815 nspr-3   NetIfAdpCtl: failed to create process for /usr/lib/virtualbox/VBoxNetAdpCtl: iStats=38 enmReason=1
00:36:43.598834 nspr-3   Failed to EnableStaticIpConfig with vrc=VERR_ACCESS_DENIED
00:36:43.599645 nspr-6   ERROR [COM]: aRC=VBOX_E_OBJECT_IN_USE (0x80bb000c) aIID={cadef0a2-a1a9-4ac2-8e80-c049af69dac8} aComponent={DHCPServerWrap} aText={Cannot start DHCP server because it is already running (pid 00018fec)}, preserve=false aResultDetail=-51
00:36:43.749421 nspr-7   ERROR [COM]: aRC=VBOX_E_INVALID_VM_STATE (0x80bb0002) aIID={300763af-5d6b-46e6-aa96-273eac15538a} aComponent={MachineWrap} aText={The machine is not mutable (state is Starting)}, preserve=false aResultDetail=0
00:36:43.782060 nspr-10  ERROR [COM]: aRC=VBOX_E_OBJECT_NOT_FOUND (0x80bb0001) aIID={ad47ad09-787b-44ab-b343-a082a3f2dfb1} aComponent={MediumWrap} aText={Property 'CRYPT/KeyId' does not exist}, preserve=false aResultDetail=0
00:36:43.929585 nspr-8   Saving settings file "/mnt/shared/vms/mrrobot/mrrobot.vbox" with version "1.19-linux"
00:36:44.058709 nspr-8   Finished saving settings file "/mnt/shared/vms/mrrobot/mrrobot.vbox"
00:36:44.154404 nspr-6   Saving settings file "/home/m/.config/VirtualBox/VirtualBox.xml" with version "1.14-linux"
00:36:44.160616 nspr-6   Finished saving settings file "/home/m/.config/VirtualBox/VirtualBox.xml"
00:36:44.178918 nspr-13  ERROR [COM]: aRC=VBOX_E_INVALID_VM_STATE (0x80bb0002) aIID={300763af-5d6b-46e6-aa96-273eac15538a} aComponent={MachineWrap} aText={The machine is not mutable (state is Running)}, preserve=false aResultDetail=0
00:36:47.082661 nspr-10  Saving settings file "/mnt/shared/vms/mrrobot/mrrobot.vbox" with version "1.19-linux"
00:36:47.225380 nspr-10  Finished saving settings file "/mnt/shared/vms/mrrobot/mrrobot.vbox"
00:36:47.315887 nspr-8   ERROR [COM]: aRC=VBOX_E_INVALID_VM_STATE (0x80bb0002) aIID={300763af-5d6b-46e6-aa96-273eac15538a} aComponent={MachineWrap} aText={The machine is not mutable (state is Running)}, preserve=false aResultDetail=0
00:36:52.980943 nspr-10  Saving settings file "/mnt/shared/vms/vulnhub/kali/kali.vbox" with version "1.19-linux"
00:36:53.000969 nspr-5   Saving settings file "/mnt/shared/vms/mrrobot/mrrobot.vbox" with version "1.19-linux"
00:36:53.229577 nspr-10  Finished saving settings file "/mnt/shared/vms/vulnhub/kali/kali.vbox"
00:36:53.269560 nspr-5   Finished saving settings file "/mnt/shared/vms/mrrobot/mrrobot.vbox"
00:36:53.269790 nspr-8   Saving settings file "/home/m/.config/VirtualBox/VirtualBox.xml" with version "1.14-linux"
00:36:53.276231 nspr-8   Finished saving settings file "/home/m/.config/VirtualBox/VirtualBox.xml"
00:36:53.304082 nspr-9   Saving settings file "/mnt/shared/vms/vulnhub/kali/kali.vbox" with version "1.19-linux"
00:36:53.423032 nspr-6   ERROR [COM]: aRC=VBOX_E_INVALID_VM_STATE (0x80bb0002) aIID={300763af-5d6b-46e6-aa96-273eac15538a} aComponent={MachineWrap} aText={The machine is not mutable (state is Running)}, preserve=false aResultDetail=0
00:36:53.437909 nspr-9   Finished saving settings file "/mnt/shared/vms/vulnhub/kali/kali.vbox"
00:36:56.475273 nspr-4   Saving settings file "/mnt/shared/vms/vulnhub/kali/kali.vbox" with version "1.19-linux"
00:36:56.493846 nspr-7   Saving settings file "/mnt/shared/vms/mrrobot/mrrobot.vbox" with version "1.19-linux"
00:36:56.675157 nspr-4   Finished saving settings file "/mnt/shared/vms/vulnhub/kali/kali.vbox"
00:36:56.682221 nspr-3   Saving settings file "/mnt/shared/vms/vulnhub/kali/kali.vbox" with version "1.19-linux"
00:36:56.733764 nspr-7   Finished saving settings file "/mnt/shared/vms/mrrobot/mrrobot.vbox"
00:36:56.862942 nspr-3   Finished saving settings file "/mnt/shared/vms/vulnhub/kali/kali.vbox"
00:36:56.961624 nspr-2   ERROR [COM]: aRC=VBOX_E_INVALID_VM_STATE (0x80bb0002) aIID={300763af-5d6b-46e6-aa96-273eac15538a} aComponent={MachineWrap} aText={The machine is not mutable (state is Running)}, preserve=false aResultDetail=0
00:40:16.309621 nspr-10  Saving settings file "/mnt/shared/vms/vulnhub/kali/kali.vbox" with version "1.19-linux"
00:40:16.311859 nspr-6   Saving settings file "/mnt/shared/vms/mrrobot/mrrobot.vbox" with version "1.19-linux"
00:40:16.551322 nspr-10  Finished saving settings file "/mnt/shared/vms/vulnhub/kali/kali.vbox"
00:40:16.560482 nspr-12  Saving settings file "/mnt/shared/vms/vulnhub/kali/kali.vbox" with version "1.19-linux"
00:40:16.609316 nspr-6   Finished saving settings file "/mnt/shared/vms/mrrobot/mrrobot.vbox"
00:40:16.685339 nspr-3   ERROR [COM]: aRC=VBOX_E_INVALID_VM_STATE (0x80bb0002) aIID={300763af-5d6b-46e6-aa96-273eac15538a} aComponent={MachineWrap} aText={The machine is not mutable (state is Running)}, preserve=false aResultDetail=0
00:40:16.755482 nspr-12  Finished saving settings file "/mnt/shared/vms/vulnhub/kali/kali.vbox"
00:48:12.504144 nspr-4   Saving settings file "/home/m/.config/VirtualBox/VirtualBox.xml" with version "1.14-linux"
00:48:12.508675 nspr-4   Finished saving settings file "/home/m/.config/VirtualBox/VirtualBox.xml"
02:00:32.043466 dns-monitor HostDnsMonitor: updating information
02:00:32.043499 dns-monitor HostDnsMonitor: old information
02:00:32.043503 dns-monitor   server 1: 192.168.1.1
02:00:32.043506 dns-monitor   server 2: fdac:3fed:79ab::1
02:00:32.043509 dns-monitor   domain: lan
02:00:32.043511 dns-monitor   search string 1: lan
02:00:32.043513 dns-monitor HostDnsMonitor: new information
02:00:32.043515 dns-monitor   no server entries
02:00:32.043517 dns-monitor   no domain set
02:00:32.043519 dns-monitor   no search string entries
02:00:32.234701 MainPower Host suspending: Paused 2 VMs
02:00:40.540412 dns-monitor NAT: resolv.conf: nameserver 192.168.1.1
02:00:40.540432 dns-monitor HostDnsMonitor: updating information
02:00:40.540435 dns-monitor HostDnsMonitor: old information
02:00:40.540437 dns-monitor   no server entries
02:00:40.540440 dns-monitor   no domain set
02:00:40.540442 dns-monitor   no search string entries
02:00:40.540444 dns-monitor HostDnsMonitor: new information
02:00:40.540446 dns-monitor   server 1: 192.168.1.1
02:00:40.540448 dns-monitor   domain: lan
02:00:40.540450 dns-monitor   search string 1: lan
02:00:40.581020 MainPower Host resumed: Resumed 2 VMs
02:00:41.392072 nspr-10  ERROR [COM]: aRC=VBOX_E_INVALID_VM_STATE (0x80bb0002) aIID={300763af-5d6b-46e6-aa96-273eac15538a} aComponent={MachineWrap} aText={The machine is not mutable (state is Running)}, preserve=false aResultDetail=0
02:00:42.058746 dns-monitor NAT: resolv.conf: nameserver 192.168.1.1
02:00:42.058761 dns-monitor NAT: resolv.conf: nameserver fdac:3fed:79ab::1
02:00:42.058771 dns-monitor HostDnsMonitor: updating information
02:00:42.058812 dns-monitor HostDnsMonitor: old information
02:00:42.058940 dns-monitor   server 1: 192.168.1.1
02:00:42.058944 dns-monitor   domain: lan
02:00:42.058946 dns-monitor   search string 1: lan
02:00:42.058948 dns-monitor HostDnsMonitor: new information
02:00:42.058950 dns-monitor   server 1: 192.168.1.1
02:00:42.058952 dns-monitor   server 2: fdac:3fed:79ab::1
02:00:42.058955 dns-monitor   domain: lan
02:00:42.058956 dns-monitor   search string 1: lan
02:12:47.831425 nspr-5   Saving settings file "/mnt/shared/vms/mrrobot/mrrobot.vbox" with version "1.19-linux"
02:12:47.837298 nspr-11  Saving settings file "/mnt/shared/vms/vulnhub/kali/kali.vbox" with version "1.19-linux"
02:12:48.160254 nspr-5   Finished saving settings file "/mnt/shared/vms/mrrobot/mrrobot.vbox"
02:12:48.217552 nspr-11  Finished saving settings file "/mnt/shared/vms/vulnhub/kali/kali.vbox"
02:12:48.236763 nspr-3   Saving settings file "/mnt/shared/vms/vulnhub/kali/kali.vbox" with version "1.19-linux"
02:12:48.400900 nspr-3   Finished saving settings file "/mnt/shared/vms/vulnhub/kali/kali.vbox"
02:12:48.727040 nspr-8   ERROR [COM]: aRC=VBOX_E_INVALID_VM_STATE (0x80bb0002) aIID={300763af-5d6b-46e6-aa96-273eac15538a} aComponent={MachineWrap} aText={The machine is not mutable (state is Running)}, preserve=false aResultDetail=0
02:12:49.343246 nspr-2   Saving settings file "/mnt/shared/vms/vulnhub/kali/kali.vbox" with version "1.19-linux"
02:12:49.412667 nspr-13  Saving settings file "/mnt/shared/vms/mrrobot/mrrobot.vbox" with version "1.19-linux"
02:12:49.505236 nspr-2   Finished saving settings file "/mnt/shared/vms/vulnhub/kali/kali.vbox"
02:12:49.594276 nspr-5   Saving settings file "/mnt/shared/vms/vulnhub/kali/kali.vbox" with version "1.19-linux"
02:12:49.612364 nspr-13  Finished saving settings file "/mnt/shared/vms/mrrobot/mrrobot.vbox"
02:12:49.734195 nspr-5   Finished saving settings file "/mnt/shared/vms/vulnhub/kali/kali.vbox"
02:12:49.861144 nspr-5   ERROR [COM]: aRC=VBOX_E_INVALID_VM_STATE (0x80bb0002) aIID={300763af-5d6b-46e6-aa96-273eac15538a} aComponent={MachineWrap} aText={The machine is not mutable (state is Running)}, preserve=false aResultDetail=0
02:31:57.000605 USBPROXY USBProxyBackendLinux: Device 12cf:0c04 (sysfs:/sys/devices/pci0000:00/0000:00:14.0/usb3/3-2/3-2.2//device:/dev/vboxusb/003/014) isn't accessible. giving udev a few seconds to fix this...
02:31:57.003484 USBPROXY USBProxyBackendLinux: Device 05ac:024f (sysfs:/sys/devices/pci0000:00/0000:00:14.0/usb3/3-2/3-2.3//device:/dev/vboxusb/003/016) isn't accessible. giving udev a few seconds to fix this...
02:35:54.176412 dns-monitor NAT: resolv.conf: nameserver 192.168.1.1
02:35:54.176462 dns-monitor HostDnsMonitor: updating information
02:35:54.176520 dns-monitor HostDnsMonitor: old information
02:35:54.176525 dns-monitor   server 1: 192.168.1.1
02:35:54.176528 dns-monitor   server 2: fdac:3fed:79ab::1
02:35:54.176530 dns-monitor   domain: lan
02:35:54.176532 dns-monitor   search string 1: lan
02:35:54.176534 dns-monitor HostDnsMonitor: new information
02:35:54.176536 dns-monitor   server 1: 192.168.1.1
02:35:54.176538 dns-monitor   domain: lan
02:35:54.176540 dns-monitor   search string 1: lan
02:46:51.313608 nspr-6   Saving settings file "/mnt/shared/vms/vulnhub/kali/kali.vbox" with version "1.19-linux"
02:46:51.327167 nspr-2   Saving settings file "/mnt/shared/vms/mrrobot/mrrobot.vbox" with version "1.19-linux"
02:46:51.562318 nspr-6   Finished saving settings file "/mnt/shared/vms/vulnhub/kali/kali.vbox"
02:46:51.597978 nspr-2   Finished saving settings file "/mnt/shared/vms/mrrobot/mrrobot.vbox"
02:46:51.614059 nspr-10  Saving settings file "/mnt/shared/vms/vulnhub/kali/kali.vbox" with version "1.19-linux"
02:46:51.775756 nspr-10  Finished saving settings file "/mnt/shared/vms/vulnhub/kali/kali.vbox"
02:46:52.203381 nspr-3   ERROR [COM]: aRC=VBOX_E_INVALID_VM_STATE (0x80bb0002) aIID={300763af-5d6b-46e6-aa96-273eac15538a} aComponent={MachineWrap} aText={The machine is not mutable (state is Running)}, preserve=false aResultDetail=0
02:46:52.488450 nspr-12  Saving settings file "/mnt/shared/vms/vulnhub/kali/kali.vbox" with version "1.19-linux"
02:46:52.505490 nspr-8   Saving settings file "/mnt/shared/vms/mrrobot/mrrobot.vbox" with version "1.19-linux"
02:46:52.782979 nspr-12  Finished saving settings file "/mnt/shared/vms/vulnhub/kali/kali.vbox"
02:46:52.792796 nspr-13  Saving settings file "/mnt/shared/vms/vulnhub/kali/kali.vbox" with version "1.19-linux"
02:46:52.822968 nspr-8   Finished saving settings file "/mnt/shared/vms/mrrobot/mrrobot.vbox"
02:46:52.915961 nspr-11  ERROR [COM]: aRC=VBOX_E_INVALID_VM_STATE (0x80bb0002) aIID={300763af-5d6b-46e6-aa96-273eac15538a} aComponent={MachineWrap} aText={The machine is not mutable (state is Running)}, preserve=false aResultDetail=0
02:46:52.966318 nspr-13  Finished saving settings file "/mnt/shared/vms/vulnhub/kali/kali.vbox"
03:04:39.094503 nspr-12  ERROR [COM]: aRC=VBOX_E_INVALID_VM_STATE (0x80bb0002) aIID={300763af-5d6b-46e6-aa96-273eac15538a} aComponent={MachineWrap} aText={The machine is not mutable (state is Paused)}, preserve=false aResultDetail=0
03:04:41.628835 nspr-12  Saving settings file "/mnt/shared/vms/mrrobot/mrrobot.vbox" with version "1.19-linux"
03:04:41.773179 nspr-12  Finished saving settings file "/mnt/shared/vms/mrrobot/mrrobot.vbox"
03:04:41.806268 nspr-9   Saving settings file "/mnt/shared/vms/mrrobot/mrrobot.vbox" with version "1.19-linux"
03:04:41.948175 nspr-9   Finished saving settings file "/mnt/shared/vms/mrrobot/mrrobot.vbox"
03:04:42.241883 nspr-11  ERROR [COM]: aRC=VBOX_E_INVALID_VM_STATE (0x80bb0002) aIID={300763af-5d6b-46e6-aa96-273eac15538a} aComponent={MachineWrap} aText={The machine is not mutable (state is PoweredOff)}, preserve=false aResultDetail=0
03:04:43.028462 nspr-12  ERROR [COM]: aRC=VBOX_E_INVALID_VM_STATE (0x80bb0002) aIID={300763af-5d6b-46e6-aa96-273eac15538a} aComponent={MachineWrap} aText={The machine is not mutable (state is PoweredOff)}, preserve=false aResultDetail=0
03:04:43.323097 nspr-5   Saving settings file "/mnt/shared/vms/vulnhub/kali/kali.vbox" with version "1.19-linux"
03:04:43.452188 nspr-5   Finished saving settings file "/mnt/shared/vms/vulnhub/kali/kali.vbox"
03:04:43.462656 nspr-7   Saving settings file "/mnt/shared/vms/vulnhub/kali/kali.vbox" with version "1.19-linux"
03:04:43.593842 nspr-7   Finished saving settings file "/mnt/shared/vms/vulnhub/kali/kali.vbox"
03:22:38.191721 dns-monitor NAT: resolv.conf: nameserver 192.168.1.1
03:22:38.191742 dns-monitor HostDnsMonitor: updating information
03:22:38.191763 dns-monitor HostDnsMonitor: old information
03:22:38.191766 dns-monitor   server 1: 192.168.1.1
03:22:38.191769 dns-monitor   domain: lan
03:22:38.191771 dns-monitor   search string 1: lan
03:22:38.191774 dns-monitor HostDnsMonitor: new information
03:22:38.191775 dns-monitor   server 1: 192.168.1.1
03:22:38.191778 dns-monitor   domain: l
03:22:38.191780 dns-monitor   search string 1: l
03:22:42.015615 dns-monitor NAT: resolv.conf: nameserver 192.168.1.1
03:22:42.015634 dns-monitor HostDnsMonitor: updating information
03:22:42.015637 dns-monitor HostDnsMonitor: unchanged
03:23:26.546698 nspr-5   Saving settings file "/mnt/shared/vms/vulnhub/kali/kali.vbox" with version "1.19-linux"
03:23:26.700588 nspr-5   Finished saving settings file "/mnt/shared/vms/vulnhub/kali/kali.vbox"
03:23:26.800160 nspr-10  ERROR [COM]: aRC=VBOX_E_INVALID_VM_STATE (0x80bb0002) aIID={300763af-5d6b-46e6-aa96-273eac15538a} aComponent={MachineWrap} aText={The machine is not mutable (state is PoweredOff)}, preserve=false aResultDetail=0
03:26:12.503135 dns-monitor NAT: resolv.conf: nameserver 192.168.1.1
03:26:12.503157 dns-monitor HostDnsMonitor: updating information
03:26:12.503161 dns-monitor HostDnsMonitor: unchanged
03:43:03.359577 main     VirtualBox: object deletion starts
03:43:03.359630 main     ERROR [COM]: aRC=VBOX_E_OBJECT_IN_USE (0x80bb000c) aIID={ad47ad09-787b-44ab-b343-a082a3f2dfb1} aComponent={MediumWrap} aText={Medium '/mnt/shared/vms/vulnhub/kali/packer-virtualbox-iso-1692725531-disk001.vmdk' cannot be closed because it is still attached to 1 virtual machines}, preserve=false aResultDetail=0
03:43:03.359777 main     ERROR [COM]: aRC=VBOX_E_OBJECT_IN_USE (0x80bb000c) aIID={ad47ad09-787b-44ab-b343-a082a3f2dfb1} aComponent={MediumWrap} aText={Medium '/mnt/shared/vms/New group 2/win/metasploitable3-win2k8-disk001.vmdk' cannot be closed because it is still attached to 1 virtual machines}, preserve=false aResultDetail=0
03:43:03.359874 main     ERROR [COM]: aRC=VBOX_E_OBJECT_IN_USE (0x80bb000c) aIID={ad47ad09-787b-44ab-b343-a082a3f2dfb1} aComponent={MediumWrap} aText={Medium '/mnt/shared/vms/ub/metasploitable3-ub1404-disk001.vmdk' cannot be closed because it is still attached to 1 virtual machines}, preserve=false aResultDetail=0
03:43:03.360108 main     ERROR [COM]: aRC=VBOX_E_OBJECT_IN_USE (0x80bb000c) aIID={ad47ad09-787b-44ab-b343-a082a3f2dfb1} aComponent={MediumWrap} aText={Medium '/mnt/shared/vms/mrrobot/mrRobot-disk1.vdi' cannot be closed because it is still attached to 1 virtual machines}, preserve=false aResultDetail=0
03:43:03.360190 main     NetworkServiceRunning: killing VBoxNetDHCP, pid 00001a6c...
03:43:03.361125 main     NetworkServiceRunning: killing VBoxNetDHCP, pid 00018fec...
03:43:03.402349 main     HostDnsMonitor: shutting down ...
03:43:03.417008 main     HostDnsMonitor: shut down
03:43:03.430085 Watcher  ERROR [COM]: aRC=E_ACCESSDENIED (0x80070005) aIID={7682d5eb-f00e-44f1-8ca2-99d08b1cd607} aComponent={VirtualBoxWrap} aText={The object is not ready}, preserve=false aResultDetail=0
03:43:03.430229 main     VirtualBox: object deleted
